nixalbum@nixAsus:~/Documents/SmartClientCachesTPF$ ./start 
b81cffec73c3021bd273fb4e3346ea2c310a3ffe4c14bba8f59c2f6164a01274
[sudo] password for nixalbum: 
9d4270dc852276255f7ca1c44c17b6216e5186ffbc5b4f06062333f111f6b717
heap-GDSF
{ _: [ 'http://172.17.0.1:3000/scale1000', '/tmp/queries.json' ],
  e: 49,
  s: 0 }
[#################################################]
Finished undefined
Hitcur for run 0 : 8641, total is 102821
Percentage calculated : 8.00
squid
60ac5729668f2082c4a68bbaeea80bf3a307a440cfd8404c0eccda39b09aea0c
{ _: [ 'http://172.17.0.1:3000/scale1000', '/tmp/queries.json' ],
  e: 49,
  s: 0 }
[#################################################]
Finished undefined
Hitcur for run 1 : 8591, total is 102826
Percentage calculated : 8.00
squid
8efbd0e8dcdf875869180d43adab5e3d1e3701ac153ad6b4ee2f7f5966efe667
{ _: [ 'http://172.17.0.1:3000/scale1000', '/tmp/queries.json' ],
  e: 49,
  s: 0 }
[#################################################]
Finished undefined
Hitcur for run 2 : 8626, total is 102805
Percentage calculated : 8.00
squid
8236e619f02d4dc9914d24e99d44cd7306a09e2a15d3c72140e7748aef1c6b30
squid
81817dc8438ffd1b060d82cc8f0ce56dda223694263d41ad438a0083a2797f55
heap-GDSF
{ _: [ 'http://172.17.0.1:3000/scale1000', '/tmp/queries.json' ],
  e: 49,
  s: 0 }
[#################################################]
Finished undefined
Hitcur for run 0 : 13229, total is 102848
Percentage calculated : 12.00
squid
3d8c2e8fb2e07a2b5a3a50dbb619316de4265f231dbe21f5bb200490383e615c
{ _: [ 'http://172.17.0.1:3000/scale1000', '/tmp/queries.json' ],
  e: 49,
  s: 0 }
[#################################################]
Finished undefined
Hitcur for run 1 : 13236, total is 102789
Percentage calculated : 12.00
squid
b7438784226fdf7119cb9feb639b8043bac15f99278a2d991640f1b1bd965b1e
{ _: [ 'http://172.17.0.1:3000/scale1000', '/tmp/queries.json' ],
  e: 49,
  s: 0 }
[##########
#######################################]
Finished undefined

Hitcur for run 2 : 13225, total is 102828
Percentage calculated : 12.00
squid
7130a5a927f190023bae126fc6e09e7e36351d47eb4886f288e08662e0528b41
squid
87355b4558340218a669e4b74fc9d3413564a1571a01a434caa4c887d6992925
heap-GDSF
{ _: [ 'http://172.17.0.1:3000/scale1000', '/tmp/queries.json' ],
  e: 49,
  s: 0 }
[#################################################]
Finished undefined


Hitcur for run 0 : 14099, total is 102846
Percentage calculated : 13.00
squid
569cc362c7e522926ae026c24a0c0f392ebf318e28d5479ff65a539205d554ca


{ _: [ 'http://172.17.0.1:3000/scale1000', '/tmp/queries.json' ],
  e: 49,
  s: 0 }
[#################################################]
Finished undefined
Hitcur for run 1 : 14098, total is 102827
Percentage calculated : 13.00

squid
a5d931d02ca8bfe1076f5e75ff1b130cef0b9ede42157aa225035b7f0dd5f139

{ _: [ 'http://172.17.0.1:3000/scale1000', '/tmp/queries.json' ],
  e: 49,
  s: 0 }
[#################################################]
Finished undefined
Hitcur for run 2 : 14138, total is 102815
Percentage calculated : 13.00
squid
b2a6d27722ef60d9f5c7db45788672f2888fac64295972c20e9a986445765283
squid
8b6a3e4298a74e9ab02203f3ee5b1c4e1a8b3c20826a4ff555be49830cf5147b
heap-GDSF
{ _: [ 'http://172.17.0.1:3000/scale1000', '/tmp/queries.json' ],
  e: 49,
  s: 0 }
[#################################################]
Finished undefined
Hitcur for run 0 : 3916, total is 102844
Percentage calculated : 3.00
squid
216aaff9e4d8ade679bd2f89cdcbef5bd34268563e32ea0923e9a89afb8d1d2e
{ _: [ 'http://172.17.0.1:3000/scale1000', '/tmp/queries.json' ],
  e: 49,
  s: 0 }
[#############
####################################]
Finished undefined
Hitcur for run 1 : 3950, total is 102819
Percentage calculated : 3.00
squid
099f9e2adf9312cc7e50a584cb59d5e4a09fb0c5b976cdf6848cb388cf23d020
{ _: [ 'http://172.17.0.1:3000/scale1000', '/tmp/queries.json' ],
  e: 49,
  s: 0 }
[#############

####################################]
Finished undefined
Hitcur for run 2 : 3971, total is 102816
Percentage calculated : 3.00
squid
43061d455d8298f1800486b46b29bf45d6dc092d4add6b1cffb32a26cbd1b093
squid
5aefed210cc2cd9a54b30766cc2c373f70a586dede8bc82255b17d5255ee27ff
heap-LFUDA
{ _: [ 'http://172.17.0.1:3000/scale1000', '/tmp/queries.json' ],
  e: 49,
  s: 0 }
[#################################################]
Finished undefined

Hitcur for run 0 : 8594, total is 102817
Percentage calculated : 8.00
squid
5e3e5392a6240d1dbdc0a689fac5e82fbb4de234730c726d3739d0099b067a81

{ _: [ 'http://172.17.0.1:3000/scale1000', '/tmp/queries.json' ],
  e: 49,
  s: 0 }
[#################################################]
Finished undefined
Hitcur for run 1 : 8597, total is 102849
Percentage calculated : 8.00
Error response from daemon: driver "aufs" failed to remove root filesystem for 5e3e5392a6240d1dbdc0a689fac5e82fbb4de234730c726d3739d0099b067a81: could not remove diff path for id 9c27eeed00892ddad90e9ad3b1d14cd45b5dad0c87e0ce47a719b51714eaee7c: error preparing atomic delete: rename /var/lib/docker/aufs/diff/9c27eeed00892ddad90e9ad3b1d14cd45b5dad0c87e0ce47a719b51714eaee7c /var/lib/docker/aufs/diff/9c27eeed00892ddad90e9ad3b1d14cd45b5dad0c87e0ce47a719b51714eaee7c-removing: device or resource busy
docker: Error response from daemon: Conflict. The container name "/squid" is already in use by container "5e3e5392a6240d1dbdc0a689fac5e82fbb4de234730c726d3739d0099b067a81". You have to remove (or rename) that container to be able to reuse that name.
See 'docker run --help'.
docker: Error response from daemon: Conflict. The container name "/ldf-allclient" is already in use by container "b2f8c3e52ea66226c26fcd23843abd75ae3ddc8a7ba9beba5d9407fb4a2bedbd". You have to remove (or rename) that container to be able to reuse that name.
See 'docker run --help'.
Error response from daemon: Container 5e3e5392a6240d1dbdc0a689fac5e82fbb4de234730c726d3739d0099b067a81 is not running
Hitcur for run 2 : 0, total is 1
Percentage calculated : 0
Error response from daemon: driver "aufs" failed to remove root filesystem for 5e3e5392a6240d1dbdc0a689fac5e82fbb4de234730c726d3739d0099b067a81: could not remove diff path for id 9c27eeed00892ddad90e9ad3b1d14cd45b5dad0c87e0ce47a719b51714eaee7c: error preparing atomic delete: rename /var/lib/docker/aufs/diff/9c27eeed00892ddad90e9ad3b1d14cd45b5dad0c87e0ce47a719b51714eaee7c /var/lib/docker/aufs/diff/9c27eeed00892ddad90e9ad3b1d14cd45b5dad0c87e0ce47a719b51714eaee7c-removing: device or resource busy
docker: Error response from daemon: Conflict. The container name "/squid" is already in use by container "5e3e5392a6240d1dbdc0a689fac5e82fbb4de234730c726d3739d0099b067a81". You have to remove (or rename) that container to be able to reuse that name.
See 'docker run --help'.
Error response from daemon: driver "aufs" failed to remove root filesystem for 5e3e5392a6240d1dbdc0a689fac5e82fbb4de234730c726d3739d0099b067a81: could not remove diff path for id 9c27eeed00892ddad90e9ad3b1d14cd45b5dad0c87e0ce47a719b51714eaee7c: error preparing atomic delete: rename /var/lib/docker/aufs/diff/9c27eeed00892ddad90e9ad3b1d14cd45b5dad0c87e0ce47a719b51714eaee7c /var/lib/docker/aufs/diff/9c27eeed00892ddad90e9ad3b1d14cd45b5dad0c87e0ce47a719b51714eaee7c-removing: device or resource busy
docker: Error response from daemon: Conflict. The container name "/squid" is already in use by container "5e3e5392a6240d1dbdc0a689fac5e82fbb4de234730c726d3739d0099b067a81". You have to remove (or rename) that container to be able to reuse that name.
See 'docker run --help'.
Error response from daemon: Container 5e3e5392a6240d1dbdc0a689fac5e82fbb4de234730c726d3739d0099b067a81 is not running

docker: Error response from daemon: Conflict. The container name "/ldf-allclient" is already in use by container "b2f8c3e52ea66226c26fcd23843abd75ae3ddc8a7ba9beba5d9407fb4a2bedbd". You have to remove (or rename) that container to be able to reuse that name.
See 'docker run --help'.
Error response from daemon: Container 5e3e5392a6240d1dbdc0a689fac5e82fbb4de234730c726d3739d0099b067a81 is not running
Hitcur for run 0 : 0, total is 1
Percentage calculated : 0
Error response from daemon: driver "aufs" failed to remove root filesystem for 5e3e5392a6240d1dbdc0a689fac5e82fbb4de234730c726d3739d0099b067a81: could not remove diff path for id 9c27eeed00892ddad90e9ad3b1d14cd45b5dad0c87e0ce47a719b51714eaee7c: error preparing atomic delete: rename /var/lib/docker/aufs/diff/9c27eeed00892ddad90e9ad3b1d14cd45b5dad0c87e0ce47a719b51714eaee7c /var/lib/docker/aufs/diff/9c27eeed00892ddad90e9ad3b1d14cd45b5dad0c87e0ce47a719b51714eaee7c-removing: device or resource busy
docker: Error response from daemon: Conflict. The container name "/squid" is already in use by container "5e3e5392a6240d1dbdc0a689fac5e82fbb4de234730c726d3739d0099b067a81". You have to remove (or rename) that container to be able to reuse that name.
See 'docker run --help'.
docker: Error response from daemon: Conflict. The container name "/ldf-allclient" is already in use by container "b2f8c3e52ea66226c26fcd23843abd75ae3ddc8a7ba9beba5d9407fb4a2bedbd". You have to remove (or rename) that container to be able to reuse that name.
See 'docker run --help'.
Error response from daemon: Container 5e3e5392a6240d1dbdc0a689fac5e82fbb4de234730c726d3739d0099b067a81 is not running
Hitcur for run 1 : 0, total is 1
Percentage calculated : 0
Error response from daemon: driver "aufs" failed to remove root filesystem for 5e3e5392a6240d1dbdc0a689fac5e82fbb4de234730c726d3739d0099b067a81: could not remove diff path for id 9c27eeed00892ddad90e9ad3b1d14cd45b5dad0c87e0ce47a719b51714eaee7c: error preparing atomic delete: rename /var/lib/docker/aufs/diff/9c27eeed00892ddad90e9ad3b1d14cd45b5dad0c87e0ce47a719b51714eaee7c /var/lib/docker/aufs/diff/9c27eeed00892ddad90e9ad3b1d14cd45b5dad0c87e0ce47a719b51714eaee7c-removing: device or resource busy
docker: Error response from daemon: Conflict. The container name "/squid" is already in use by container "5e3e5392a6240d1dbdc0a689fac5e82fbb4de234730c726d3739d0099b067a81". You have to remove (or rename) that container to be able to reuse that name.
See 'docker run --help'.
docker: Error response from daemon: Conflict. The container name "/ldf-allclient" is already in use by container "b2f8c3e52ea66226c26fcd23843abd75ae3ddc8a7ba9beba5d9407fb4a2bedbd". You have to remove (or rename) that container to be able to reuse that name.
See 'docker run --help'.
Error response from daemon: Container 5e3e5392a6240d1dbdc0a689fac5e82fbb4de234730c726d3739d0099b067a81 is not running
Hitcur for run 2 : 0, total is 1
Percentage calculated : 0
Error response from daemon: driver "aufs" failed to remove root filesystem for 5e3e5392a6240d1dbdc0a689fac5e82fbb4de234730c726d3739d0099b067a81: could not remove diff path for id 9c27eeed00892ddad90e9ad3b1d14cd45b5dad0c87e0ce47a719b51714eaee7c: error preparing atomic delete: rename /var/lib/docker/aufs/diff/9c27eeed00892ddad90e9ad3b1d14cd45b5dad0c87e0ce47a719b51714eaee7c /var/lib/docker/aufs/diff/9c27eeed00892ddad90e9ad3b1d14cd45b5dad0c87e0ce47a719b51714eaee7c-removing: device or resource busy
docker: Error response from daemon: Conflict. The container name "/squid" is already in use by container "5e3e5392a6240d1dbdc0a689fac5e82fbb4de234730c726d3739d0099b067a81". You have to remove (or rename) that container to be able to reuse that name.
See 'docker run --help'.
Error response from daemon: driver "aufs" failed to remove root filesystem for 5e3e5392a6240d1dbdc0a689fac5e82fbb4de234730c726d3739d0099b067a81: could not remove diff path for id 9c27eeed00892ddad90e9ad3b1d14cd45b5dad0c87e0ce47a719b51714eaee7c: error preparing atomic delete: rename /var/lib/docker/aufs/diff/9c27eeed00892ddad90e9ad3b1d14cd45b5dad0c87e0ce47a719b51714eaee7c /var/lib/docker/aufs/diff/9c27eeed00892ddad90e9ad3b1d14cd45b5dad0c87e0ce47a719b51714eaee7c-removing: device or resource busy
docker: Error response from daemon: Conflict. The container name "/squid" is already in use by container "5e3e5392a6240d1dbdc0a689fac5e82fbb4de234730c726d3739d0099b067a81". You have to remove (or rename) that container to be able to reuse that name.
See 'docker run --help'.
Error response from daemon: Container 5e3e5392a6240d1dbdc0a689fac5e82fbb4de234730c726d3739d0099b067a81 is not running

docker: Error response from daemon: Conflict. The container name "/ldf-allclient" is already in use by container "b2f8c3e52ea66226c26fcd23843abd75ae3ddc8a7ba9beba5d9407fb4a2bedbd". You have to remove (or rename) that container to be able to reuse that name.
See 'docker run --help'.
Error response from daemon: Container 5e3e5392a6240d1dbdc0a689fac5e82fbb4de234730c726d3739d0099b067a81 is not running
Hitcur for run 0 : 0, total is 1
Percentage calculated : 0
Error response from daemon: driver "aufs" failed to remove root filesystem for 5e3e5392a6240d1dbdc0a689fac5e82fbb4de234730c726d3739d0099b067a81: could not remove diff path for id 9c27eeed00892ddad90e9ad3b1d14cd45b5dad0c87e0ce47a719b51714eaee7c: error preparing atomic delete: rename /var/lib/docker/aufs/diff/9c27eeed00892ddad90e9ad3b1d14cd45b5dad0c87e0ce47a719b51714eaee7c /var/lib/docker/aufs/diff/9c27eeed00892ddad90e9ad3b1d14cd45b5dad0c87e0ce47a719b51714eaee7c-removing: device or resource busy
docker: Error response from daemon: Conflict. The container name "/squid" is already in use by container "5e3e5392a6240d1dbdc0a689fac5e82fbb4de234730c726d3739d0099b067a81". You have to remove (or rename) that container to be able to reuse that name.
See 'docker run --help'.
docker: Error response from daemon: Conflict. The container name "/ldf-allclient" is already in use by container "b2f8c3e52ea66226c26fcd23843abd75ae3ddc8a7ba9beba5d9407fb4a2bedbd". You have to remove (or rename) that container to be able to reuse that name.
See 'docker run --help'.
Error response from daemon: Container 5e3e5392a6240d1dbdc0a689fac5e82fbb4de234730c726d3739d0099b067a81 is not running
Hitcur for run 1 : 0, total is 1
Percentage calculated : 0
Error response from daemon: driver "aufs" failed to remove root filesystem for 5e3e5392a6240d1dbdc0a689fac5e82fbb4de234730c726d3739d0099b067a81: could not remove diff path for id 9c27eeed00892ddad90e9ad3b1d14cd45b5dad0c87e0ce47a719b51714eaee7c: error preparing atomic delete: rename /var/lib/docker/aufs/diff/9c27eeed00892ddad90e9ad3b1d14cd45b5dad0c87e0ce47a719b51714eaee7c /var/lib/docker/aufs/diff/9c27eeed00892ddad90e9ad3b1d14cd45b5dad0c87e0ce47a719b51714eaee7c-removing: device or resource busy
docker: Error response from daemon: Conflict. The container name "/squid" is already in use by container "5e3e5392a6240d1dbdc0a689fac5e82fbb4de234730c726d3739d0099b067a81". You have to remove (or rename) that container to be able to reuse that name.
See 'docker run --help'.
docker: Error response from daemon: Conflict. The container name "/ldf-allclient" is already in use by container "b2f8c3e52ea66226c26fcd23843abd75ae3ddc8a7ba9beba5d9407fb4a2bedbd". You have to remove (or rename) that container to be able to reuse that name.
See 'docker run --help'.
Error response from daemon: Container 5e3e5392a6240d1dbdc0a689fac5e82fbb4de234730c726d3739d0099b067a81 is not running
Hitcur for run 2 : 0, total is 1
Percentage calculated : 0
Error response from daemon: driver "aufs" failed to remove root filesystem for 5e3e5392a6240d1dbdc0a689fac5e82fbb4de234730c726d3739d0099b067a81: could not remove diff path for id 9c27eeed00892ddad90e9ad3b1d14cd45b5dad0c87e0ce47a719b51714eaee7c: error preparing atomic delete: rename /var/lib/docker/aufs/diff/9c27eeed00892ddad90e9ad3b1d14cd45b5dad0c87e0ce47a719b51714eaee7c /var/lib/docker/aufs/diff/9c27eeed00892ddad90e9ad3b1d14cd45b5dad0c87e0ce47a719b51714eaee7c-removing: device or resource busy
docker: Error response from daemon: Conflict. The container name "/squid" is already in use by container "5e3e5392a6240d1dbdc0a689fac5e82fbb4de234730c726d3739d0099b067a81". You have to remove (or rename) that container to be able to reuse that name.
See 'docker run --help'.
Error response from daemon: driver "aufs" failed to remove root filesystem for 5e3e5392a6240d1dbdc0a689fac5e82fbb4de234730c726d3739d0099b067a81: could not remove diff path for id 9c27eeed00892ddad90e9ad3b1d14cd45b5dad0c87e0ce47a719b51714eaee7c: error preparing atomic delete: rename /var/lib/docker/aufs/diff/9c27eeed00892ddad90e9ad3b1d14cd45b5dad0c87e0ce47a719b51714eaee7c /var/lib/docker/aufs/diff/9c27eeed00892ddad90e9ad3b1d14cd45b5dad0c87e0ce47a719b51714eaee7c-removing: device or resource busy
docker: Error response from daemon: Conflict. The container name "/squid" is already in use by container "5e3e5392a6240d1dbdc0a689fac5e82fbb4de234730c726d3739d0099b067a81". You have to remove (or rename) that container to be able to reuse that name.
See 'docker run --help'.
Error response from daemon: Container 5e3e5392a6240d1dbdc0a689fac5e82fbb4de234730c726d3739d0099b067a81 is not running

docker: Error response from daemon: Conflict. The container name "/ldf-allclient" is already in use by container "b2f8c3e52ea66226c26fcd23843abd75ae3ddc8a7ba9beba5d9407fb4a2bedbd". You have to remove (or rename) that container to be able to reuse that name.
See 'docker run --help'.
Error response from daemon: Container 5e3e5392a6240d1dbdc0a689fac5e82fbb4de234730c726d3739d0099b067a81 is not running
Hitcur for run 0 : 0, total is 1
Percentage calculated : 0
Error response from daemon: driver "aufs" failed to remove root filesystem for 5e3e5392a6240d1dbdc0a689fac5e82fbb4de234730c726d3739d0099b067a81: could not remove diff path for id 9c27eeed00892ddad90e9ad3b1d14cd45b5dad0c87e0ce47a719b51714eaee7c: error preparing atomic delete: rename /var/lib/docker/aufs/diff/9c27eeed00892ddad90e9ad3b1d14cd45b5dad0c87e0ce47a719b51714eaee7c /var/lib/docker/aufs/diff/9c27eeed00892ddad90e9ad3b1d14cd45b5dad0c87e0ce47a719b51714eaee7c-removing: device or resource busy
docker: Error response from daemon: Conflict. The container name "/squid" is already in use by container "5e3e5392a6240d1dbdc0a689fac5e82fbb4de234730c726d3739d0099b067a81". You have to remove (or rename) that container to be able to reuse that name.
See 'docker run --help'.
docker: Error response from daemon: Conflict. The container name "/ldf-allclient" is already in use by container "b2f8c3e52ea66226c26fcd23843abd75ae3ddc8a7ba9beba5d9407fb4a2bedbd". You have to remove (or rename) that container to be able to reuse that name.
See 'docker run --help'.
Error response from daemon: Container 5e3e5392a6240d1dbdc0a689fac5e82fbb4de234730c726d3739d0099b067a81 is not running
Hitcur for run 1 : 0, total is 1
Percentage calculated : 0
Error response from daemon: driver "aufs" failed to remove root filesystem for 5e3e5392a6240d1dbdc0a689fac5e82fbb4de234730c726d3739d0099b067a81: could not remove diff path for id 9c27eeed00892ddad90e9ad3b1d14cd45b5dad0c87e0ce47a719b51714eaee7c: error preparing atomic delete: rename /var/lib/docker/aufs/diff/9c27eeed00892ddad90e9ad3b1d14cd45b5dad0c87e0ce47a719b51714eaee7c /var/lib/docker/aufs/diff/9c27eeed00892ddad90e9ad3b1d14cd45b5dad0c87e0ce47a719b51714eaee7c-removing: device or resource busy
docker: Error response from daemon: Conflict. The container name "/squid" is already in use by container "5e3e5392a6240d1dbdc0a689fac5e82fbb4de234730c726d3739d0099b067a81". You have to remove (or rename) that container to be able to reuse that name.
See 'docker run --help'.
docker: Error response from daemon: Conflict. The container name "/ldf-allclient" is already in use by container "b2f8c3e52ea66226c26fcd23843abd75ae3ddc8a7ba9beba5d9407fb4a2bedbd". You have to remove (or rename) that container to be able to reuse that name.
See 'docker run --help'.
Error response from daemon: Container 5e3e5392a6240d1dbdc0a689fac5e82fbb4de234730c726d3739d0099b067a81 is not running
Hitcur for run 2 : 0, total is 1
Percentage calculated : 0
Error response from daemon: driver "aufs" failed to remove root filesystem for 5e3e5392a6240d1dbdc0a689fac5e82fbb4de234730c726d3739d0099b067a81: could not remove diff path for id 9c27eeed00892ddad90e9ad3b1d14cd45b5dad0c87e0ce47a719b51714eaee7c: error preparing atomic delete: rename /var/lib/docker/aufs/diff/9c27eeed00892ddad90e9ad3b1d14cd45b5dad0c87e0ce47a719b51714eaee7c /var/lib/docker/aufs/diff/9c27eeed00892ddad90e9ad3b1d14cd45b5dad0c87e0ce47a719b51714eaee7c-removing: device or resource busy
docker: Error response from daemon: Conflict. The container name "/squid" is already in use by container "5e3e5392a6240d1dbdc0a689fac5e82fbb4de234730c726d3739d0099b067a81". You have to remove (or rename) that container to be able to reuse that name.
See 'docker run --help'.
Error response from daemon: driver "aufs" failed to remove root filesystem for 5e3e5392a6240d1dbdc0a689fac5e82fbb4de234730c726d3739d0099b067a81: could not remove diff path for id 9c27eeed00892ddad90e9ad3b1d14cd45b5dad0c87e0ce47a719b51714eaee7c: error preparing atomic delete: rename /var/lib/docker/aufs/diff/9c27eeed00892ddad90e9ad3b1d14cd45b5dad0c87e0ce47a719b51714eaee7c /var/lib/docker/aufs/diff/9c27eeed00892ddad90e9ad3b1d14cd45b5dad0c87e0ce47a719b51714eaee7c-removing: device or resource busy
docker: Error response from daemon: Conflict. The container name "/squid" is already in use by container "5e3e5392a6240d1dbdc0a689fac5e82fbb4de234730c726d3739d0099b067a81". You have to remove (or rename) that container to be able to reuse that name.
See 'docker run --help'.
Error response from daemon: Container 5e3e5392a6240d1dbdc0a689fac5e82fbb4de234730c726d3739d0099b067a81 is not running

docker: Error response from daemon: Conflict. The container name "/ldf-allclient" is already in use by container "b2f8c3e52ea66226c26fcd23843abd75ae3ddc8a7ba9beba5d9407fb4a2bedbd". You have to remove (or rename) that container to be able to reuse that name.
See 'docker run --help'.
Error response from daemon: Container 5e3e5392a6240d1dbdc0a689fac5e82fbb4de234730c726d3739d0099b067a81 is not running
Hitcur for run 0 : 0, total is 1
Percentage calculated : 0
Error response from daemon: driver "aufs" failed to remove root filesystem for 5e3e5392a6240d1dbdc0a689fac5e82fbb4de234730c726d3739d0099b067a81: could not remove diff path for id 9c27eeed00892ddad90e9ad3b1d14cd45b5dad0c87e0ce47a719b51714eaee7c: error preparing atomic delete: rename /var/lib/docker/aufs/diff/9c27eeed00892ddad90e9ad3b1d14cd45b5dad0c87e0ce47a719b51714eaee7c /var/lib/docker/aufs/diff/9c27eeed00892ddad90e9ad3b1d14cd45b5dad0c87e0ce47a719b51714eaee7c-removing: device or resource busy
docker: Error response from daemon: Conflict. The container name "/squid" is already in use by container "5e3e5392a6240d1dbdc0a689fac5e82fbb4de234730c726d3739d0099b067a81". You have to remove (or rename) that container to be able to reuse that name.
See 'docker run --help'.
docker: Error response from daemon: Conflict. The container name "/ldf-allclient" is already in use by container "b2f8c3e52ea66226c26fcd23843abd75ae3ddc8a7ba9beba5d9407fb4a2bedbd". You have to remove (or rename) that container to be able to reuse that name.
See 'docker run --help'.
Error response from daemon: Container 5e3e5392a6240d1dbdc0a689fac5e82fbb4de234730c726d3739d0099b067a81 is not running
Hitcur for run 1 : 0, total is 1
Percentage calculated : 0
Error response from daemon: driver "aufs" failed to remove root filesystem for 5e3e5392a6240d1dbdc0a689fac5e82fbb4de234730c726d3739d0099b067a81: could not remove diff path for id 9c27eeed00892ddad90e9ad3b1d14cd45b5dad0c87e0ce47a719b51714eaee7c: error preparing atomic delete: rename /var/lib/docker/aufs/diff/9c27eeed00892ddad90e9ad3b1d14cd45b5dad0c87e0ce47a719b51714eaee7c /var/lib/docker/aufs/diff/9c27eeed00892ddad90e9ad3b1d14cd45b5dad0c87e0ce47a719b51714eaee7c-removing: device or resource busy
docker: Error response from daemon: Conflict. The container name "/squid" is already in use by container "5e3e5392a6240d1dbdc0a689fac5e82fbb4de234730c726d3739d0099b067a81". You have to remove (or rename) that container to be able to reuse that name.
See 'docker run --help'.
docker: Error response from daemon: Conflict. The container name "/ldf-allclient" is already in use by container "b2f8c3e52ea66226c26fcd23843abd75ae3ddc8a7ba9beba5d9407fb4a2bedbd". You have to remove (or rename) that container to be able to reuse that name.
See 'docker run --help'.
Error response from daemon: Container 5e3e5392a6240d1dbdc0a689fac5e82fbb4de234730c726d3739d0099b067a81 is not running
Hitcur for run 2 : 0, total is 1
Percentage calculated : 0
Error response from daemon: driver "aufs" failed to remove root filesystem for 5e3e5392a6240d1dbdc0a689fac5e82fbb4de234730c726d3739d0099b067a81: could not remove diff path for id 9c27eeed00892ddad90e9ad3b1d14cd45b5dad0c87e0ce47a719b51714eaee7c: error preparing atomic delete: rename /var/lib/docker/aufs/diff/9c27eeed00892ddad90e9ad3b1d14cd45b5dad0c87e0ce47a719b51714eaee7c /var/lib/docker/aufs/diff/9c27eeed00892ddad90e9ad3b1d14cd45b5dad0c87e0ce47a719b51714eaee7c-removing: device or resource busy
docker: Error response from daemon: Conflict. The container name "/squid" is already in use by container "5e3e5392a6240d1dbdc0a689fac5e82fbb4de234730c726d3739d0099b067a81". You have to remove (or rename) that container to be able to reuse that name.
See 'docker run --help'.
Error response from daemon: driver "aufs" failed to remove root filesystem for 5e3e5392a6240d1dbdc0a689fac5e82fbb4de234730c726d3739d0099b067a81: could not remove diff path for id 9c27eeed00892ddad90e9ad3b1d14cd45b5dad0c87e0ce47a719b51714eaee7c: error preparing atomic delete: rename /var/lib/docker/aufs/diff/9c27eeed00892ddad90e9ad3b1d14cd45b5dad0c87e0ce47a719b51714eaee7c /var/lib/docker/aufs/diff/9c27eeed00892ddad90e9ad3b1d14cd45b5dad0c87e0ce47a719b51714eaee7c-removing: device or resource busy
docker: Error response from daemon: Conflict. The container name "/squid" is already in use by container "5e3e5392a6240d1dbdc0a689fac5e82fbb4de234730c726d3739d0099b067a81". You have to remove (or rename) that container to be able to reuse that name.
See 'docker run --help'.
Error response from daemon: Container 5e3e5392a6240d1dbdc0a689fac5e82fbb4de234730c726d3739d0099b067a81 is not running

docker: Error response from daemon: Conflict. The container name "/ldf-allclient" is already in use by container "b2f8c3e52ea66226c26fcd23843abd75ae3ddc8a7ba9beba5d9407fb4a2bedbd". You have to remove (or rename) that container to be able to reuse that name.
See 'docker run --help'.
Error response from daemon: Container 5e3e5392a6240d1dbdc0a689fac5e82fbb4de234730c726d3739d0099b067a81 is not running
Hitcur for run 0 : 0, total is 1
Percentage calculated : 0
Error response from daemon: driver "aufs" failed to remove root filesystem for 5e3e5392a6240d1dbdc0a689fac5e82fbb4de234730c726d3739d0099b067a81: could not remove diff path for id 9c27eeed00892ddad90e9ad3b1d14cd45b5dad0c87e0ce47a719b51714eaee7c: error preparing atomic delete: rename /var/lib/docker/aufs/diff/9c27eeed00892ddad90e9ad3b1d14cd45b5dad0c87e0ce47a719b51714eaee7c /var/lib/docker/aufs/diff/9c27eeed00892ddad90e9ad3b1d14cd45b5dad0c87e0ce47a719b51714eaee7c-removing: device or resource busy
docker: Error response from daemon: Conflict. The container name "/squid" is already in use by container "5e3e5392a6240d1dbdc0a689fac5e82fbb4de234730c726d3739d0099b067a81". You have to remove (or rename) that container to be able to reuse that name.
See 'docker run --help'.
docker: Error response from daemon: Conflict. The container name "/ldf-allclient" is already in use by container "b2f8c3e52ea66226c26fcd23843abd75ae3ddc8a7ba9beba5d9407fb4a2bedbd". You have to remove (or rename) that container to be able to reuse that name.
See 'docker run --help'.
Error response from daemon: Container 5e3e5392a6240d1dbdc0a689fac5e82fbb4de234730c726d3739d0099b067a81 is not running
Hitcur for run 1 : 0, total is 1
Percentage calculated : 0
Error response from daemon: driver "aufs" failed to remove root filesystem for 5e3e5392a6240d1dbdc0a689fac5e82fbb4de234730c726d3739d0099b067a81: could not remove diff path for id 9c27eeed00892ddad90e9ad3b1d14cd45b5dad0c87e0ce47a719b51714eaee7c: error preparing atomic delete: rename /var/lib/docker/aufs/diff/9c27eeed00892ddad90e9ad3b1d14cd45b5dad0c87e0ce47a719b51714eaee7c /var/lib/docker/aufs/diff/9c27eeed00892ddad90e9ad3b1d14cd45b5dad0c87e0ce47a719b51714eaee7c-removing: device or resource busy
docker: Error response from daemon: Conflict. The container name "/squid" is already in use by container "5e3e5392a6240d1dbdc0a689fac5e82fbb4de234730c726d3739d0099b067a81". You have to remove (or rename) that container to be able to reuse that name.
See 'docker run --help'.
docker: Error response from daemon: Conflict. The container name "/ldf-allclient" is already in use by container "b2f8c3e52ea66226c26fcd23843abd75ae3ddc8a7ba9beba5d9407fb4a2bedbd". You have to remove (or rename) that container to be able to reuse that name.
See 'docker run --help'.
Error response from daemon: Container 5e3e5392a6240d1dbdc0a689fac5e82fbb4de234730c726d3739d0099b067a81 is not running
Hitcur for run 2 : 0, total is 1
Percentage calculated : 0
Error response from daemon: driver "aufs" failed to remove root filesystem for 5e3e5392a6240d1dbdc0a689fac5e82fbb4de234730c726d3739d0099b067a81: could not remove diff path for id 9c27eeed00892ddad90e9ad3b1d14cd45b5dad0c87e0ce47a719b51714eaee7c: error preparing atomic delete: rename /var/lib/docker/aufs/diff/9c27eeed00892ddad90e9ad3b1d14cd45b5dad0c87e0ce47a719b51714eaee7c /var/lib/docker/aufs/diff/9c27eeed00892ddad90e9ad3b1d14cd45b5dad0c87e0ce47a719b51714eaee7c-removing: device or resource busy
docker: Error response from daemon: Conflict. The container name "/squid" is already in use by container "5e3e5392a6240d1dbdc0a689fac5e82fbb4de234730c726d3739d0099b067a81". You have to remove (or rename) that container to be able to reuse that name.
See 'docker run --help'.
Error response from daemon: driver "aufs" failed to remove root filesystem for 5e3e5392a6240d1dbdc0a689fac5e82fbb4de234730c726d3739d0099b067a81: could not remove diff path for id 9c27eeed00892ddad90e9ad3b1d14cd45b5dad0c87e0ce47a719b51714eaee7c: error preparing atomic delete: rename /var/lib/docker/aufs/diff/9c27eeed00892ddad90e9ad3b1d14cd45b5dad0c87e0ce47a719b51714eaee7c /var/lib/docker/aufs/diff/9c27eeed00892ddad90e9ad3b1d14cd45b5dad0c87e0ce47a719b51714eaee7c-removing: device or resource busy
docker: Error response from daemon: Conflict. The container name "/squid" is already in use by container "5e3e5392a6240d1dbdc0a689fac5e82fbb4de234730c726d3739d0099b067a81". You have to remove (or rename) that container to be able to reuse that name.
See 'docker run --help'.
Error response from daemon: Container 5e3e5392a6240d1dbdc0a689fac5e82fbb4de234730c726d3739d0099b067a81 is not running

docker: Error response from daemon: Conflict. The container name "/ldf-allclient" is already in use by container "b2f8c3e52ea66226c26fcd23843abd75ae3ddc8a7ba9beba5d9407fb4a2bedbd". You have to remove (or rename) that container to be able to reuse that name.
See 'docker run --help'.
Error response from daemon: Container 5e3e5392a6240d1dbdc0a689fac5e82fbb4de234730c726d3739d0099b067a81 is not running
Hitcur for run 0 : 0, total is 1
Percentage calculated : 0
Error response from daemon: driver "aufs" failed to remove root filesystem for 5e3e5392a6240d1dbdc0a689fac5e82fbb4de234730c726d3739d0099b067a81: could not remove diff path for id 9c27eeed00892ddad90e9ad3b1d14cd45b5dad0c87e0ce47a719b51714eaee7c: error preparing atomic delete: rename /var/lib/docker/aufs/diff/9c27eeed00892ddad90e9ad3b1d14cd45b5dad0c87e0ce47a719b51714eaee7c /var/lib/docker/aufs/diff/9c27eeed00892ddad90e9ad3b1d14cd45b5dad0c87e0ce47a719b51714eaee7c-removing: device or resource busy
docker: Error response from daemon: Conflict. The container name "/squid" is already in use by container "5e3e5392a6240d1dbdc0a689fac5e82fbb4de234730c726d3739d0099b067a81". You have to remove (or rename) that container to be able to reuse that name.
See 'docker run --help'.
docker: Error response from daemon: Conflict. The container name "/ldf-allclient" is already in use by container "b2f8c3e52ea66226c26fcd23843abd75ae3ddc8a7ba9beba5d9407fb4a2bedbd". You have to remove (or rename) that container to be able to reuse that name.
See 'docker run --help'.
Error response from daemon: Container 5e3e5392a6240d1dbdc0a689fac5e82fbb4de234730c726d3739d0099b067a81 is not running
Hitcur for run 1 : 0, total is 1
Percentage calculated : 0
Error response from daemon: driver "aufs" failed to remove root filesystem for 5e3e5392a6240d1dbdc0a689fac5e82fbb4de234730c726d3739d0099b067a81: could not remove diff path for id 9c27eeed00892ddad90e9ad3b1d14cd45b5dad0c87e0ce47a719b51714eaee7c: error preparing atomic delete: rename /var/lib/docker/aufs/diff/9c27eeed00892ddad90e9ad3b1d14cd45b5dad0c87e0ce47a719b51714eaee7c /var/lib/docker/aufs/diff/9c27eeed00892ddad90e9ad3b1d14cd45b5dad0c87e0ce47a719b51714eaee7c-removing: device or resource busy
docker: Error response from daemon: Conflict. The container name "/squid" is already in use by container "5e3e5392a6240d1dbdc0a689fac5e82fbb4de234730c726d3739d0099b067a81". You have to remove (or rename) that container to be able to reuse that name.
See 'docker run --help'.
docker: Error response from daemon: Conflict. The container name "/ldf-allclient" is already in use by container "b2f8c3e52ea66226c26fcd23843abd75ae3ddc8a7ba9beba5d9407fb4a2bedbd". You have to remove (or rename) that container to be able to reuse that name.
See 'docker run --help'.
Error response from daemon: Container 5e3e5392a6240d1dbdc0a689fac5e82fbb4de234730c726d3739d0099b067a81 is not running
Hitcur for run 2 : 0, total is 1
Percentage calculated : 0
Error response from daemon: driver "aufs" failed to remove root filesystem for 5e3e5392a6240d1dbdc0a689fac5e82fbb4de234730c726d3739d0099b067a81: could not remove diff path for id 9c27eeed00892ddad90e9ad3b1d14cd45b5dad0c87e0ce47a719b51714eaee7c: error preparing atomic delete: rename /var/lib/docker/aufs/diff/9c27eeed00892ddad90e9ad3b1d14cd45b5dad0c87e0ce47a719b51714eaee7c /var/lib/docker/aufs/diff/9c27eeed00892ddad90e9ad3b1d14cd45b5dad0c87e0ce47a719b51714eaee7c-removing: device or resource busy
docker: Error response from daemon: Conflict. The container name "/squid" is already in use by container "5e3e5392a6240d1dbdc0a689fac5e82fbb4de234730c726d3739d0099b067a81". You have to remove (or rename) that container to be able to reuse that name.
See 'docker run --help'.
squid
6a3f0d37f0d7400a259ca97df29e668de829acb8900cced4dc6f1c0a94c2cba6
lru
docker: Error response from daemon: Conflict. The container name "/ldf-allclient" is already in use by container "b2f8c3e52ea66226c26fcd23843abd75ae3ddc8a7ba9beba5d9407fb4a2bedbd". You have to remove (or rename) that container to be able to reuse that name.
See 'docker run --help'.
Hitcur for run 0 : 0, total is 1
Percentage calculated : 0
squid
3cba0ceb7bd7e804687e7b21ad9a773b4c5af5a2a891c97ee40d1c3100ea3110
docker: Error response from daemon: Conflict. The container name "/ldf-allclient" is already in use by container "b2f8c3e52ea66226c26fcd23843abd75ae3ddc8a7ba9beba5d9407fb4a2bedbd". You have to remove (or rename) that container to be able to reuse that name.
See 'docker run --help'.
Hitcur for run 1 : 0, total is 1
Percentage calculated : 0
squid
9b275dd415748fdfaac0b1daccdb787f89c31b4fbb25fc45b16e8f318a32a734
docker: Error response from daemon: Conflict. The container name "/ldf-allclient" is already in use by container "b2f8c3e52ea66226c26fcd23843abd75ae3ddc8a7ba9beba5d9407fb4a2bedbd". You have to remove (or rename) that container to be able to reuse that name.
See 'docker run --help'.
Hitcur for run 2 : 0, total is 1
Percentage calculated : 0
squid
9876ecaa9a5357c4236e36a89f684bae66ea035bbd5c85ee563375ce216be5fa
squid
WARNING: Method definition midpoints(Base.Range{T} where T) in module Base at deprecated.jl:56 overwritten in module StatsBase at /home/nixalbum/.julia/v0.6/StatsBase/src/hist.jl:535.
WARNING: Method definition midpoints(AbstractArray{T, 1} where T) in module Base at deprecated.jl:56 overwritten in module StatsBase at /home/nixalbum/.julia/v0.6/StatsBase/src/hist.jl:533.
ERROR: LoadError: MethodError: no method matching /(::SubString{String}, ::Int64)
Closest candidates are:
  /(!Matched::BigInt, ::Union{Int16, Int32, Int64, Int8, UInt16, UInt32, UInt64, UInt8}) at gmp.jl:380
  /(!Matched::BigFloat, ::Union{Int16, Int32, Int64, Int8}) at mpfr.jl:339
  /(!Matched::Missings.Missing, ::Number) at /home/nixalbum/.julia/v0.6/Missings/src/Missings.jl:108
  ...
Stacktrace:
 [1] macro expansion at ./broadcast.jl:232 [inlined]
 [2] _broadcast!(::Base.#/, ::Array{Float64,1}, ::Tuple{Tuple{Bool},Tuple{}}, ::Tuple{Tuple{Int64},Tuple{}}, ::Tuple{Array{Any,1},Int64}, ::Type{Val{2}}, ::CartesianRange{CartesianIndex{1}}, ::CartesianIndex{1}, ::Int64) at ./broadcast.jl:219
 [3] broadcast_t(::Function, ::Type{Any}, ::Tuple{Base.OneTo{Int64}}, ::CartesianRange{CartesianIndex{1}}, ::Array{Any,1}, ::Int64) at ./broadcast.jl:265
 [4] broadcast_c at ./broadcast.jl:321 [inlined]
 [5] broadcast at ./broadcast.jl:455 [inlined]
 [6] /(::Array{Any,1}, ::Int64) at ./arraymath.jl:48
 [7] include_from_node1(::String) at ./loading.jl:576
 [8] include(::String) at ./sysimg.jl:14
 [9] process_options(::Base.JLOptions) at ./client.jl:305
 [10] _start() at ./client.jl:371
while loading /home/nixalbum/Documents/SmartClientCachesTPF/barHit.jl, in expression starting on line 10
ldf-server
