535f490c6e699f917767912c72c40bbefccc12e50c78d67cdf8f21a30164dfbc
rm: cannot remove ‘squid.conf’: No such file or directory
c484ae61e09ccda449de6ab79bf0310816af4aed50e31482fec2d6edb9e0f443
heap-GDS : 37500
{ _: [ 'http://172.17.0.1:3000/scale1000', '/tmp/queries.json' ],
  e: 3,
  s: 0 }
[###]
Finished undefined
Hitcur for run 0 : 7, total is 76
Percentage calculated : 9.00
squid
bb82ef7eaa48759fb94aa0f91f7fd73d4fc1ec0adb77da1399558a73285a4f34
{ _: [ 'http://172.17.0.1:3000/scale1000', '/tmp/queries.json' ],
  e: 3,
  s: 0 }
[###]
Finished undefined
Hitcur for run 1 : 7, total is 76
Percentage calculated : 9.00
Error response from daemon: driver "aufs" failed to remove root filesystem for bb82ef7eaa48759fb94aa0f91f7fd73d4fc1ec0adb77da1399558a73285a4f34: could not remove diff path for id 1944dacf30d729b607bb4d91394906f785d34de9ae19e999ef02440bf0410969: error preparing atomic delete: rename /var/lib/docker/aufs/diff/1944dacf30d729b607bb4d91394906f785d34de9ae19e999ef02440bf0410969 /var/lib/docker/aufs/diff/1944dacf30d729b607bb4d91394906f785d34de9ae19e999ef02440bf0410969-removing: device or resource busy
docker: Error response from daemon: Conflict. The container name "/squid" is already in use by container "bb82ef7eaa48759fb94aa0f91f7fd73d4fc1ec0adb77da1399558a73285a4f34". You have to remove (or rename) that container to be able to reuse that name.
See 'docker run --help'.
docker: Error response from daemon: Conflict. The container name "/ldf-allclient" is already in use by container "c8236844e8951137c4a52859546d9348dc48eb44df7e459087056451b1211340". You have to remove (or rename) that container to be able to reuse that name.
See 'docker run --help'.
Error response from daemon: Container bb82ef7eaa48759fb94aa0f91f7fd73d4fc1ec0adb77da1399558a73285a4f34 is not running
Hitcur for run 2 : 0, total is 1
Percentage calculated : 0
Error response from daemon: driver "aufs" failed to remove root filesystem for bb82ef7eaa48759fb94aa0f91f7fd73d4fc1ec0adb77da1399558a73285a4f34: could not remove diff path for id 1944dacf30d729b607bb4d91394906f785d34de9ae19e999ef02440bf0410969: error preparing atomic delete: rename /var/lib/docker/aufs/diff/1944dacf30d729b607bb4d91394906f785d34de9ae19e999ef02440bf0410969 /var/lib/docker/aufs/diff/1944dacf30d729b607bb4d91394906f785d34de9ae19e999ef02440bf0410969-removing: device or resource busy
docker: Error response from daemon: Conflict. The container name "/squid" is already in use by container "bb82ef7eaa48759fb94aa0f91f7fd73d4fc1ec0adb77da1399558a73285a4f34". You have to remove (or rename) that container to be able to reuse that name.
See 'docker run --help'.
Error response from daemon: driver "aufs" failed to remove root filesystem for bb82ef7eaa48759fb94aa0f91f7fd73d4fc1ec0adb77da1399558a73285a4f34: could not remove diff path for id 1944dacf30d729b607bb4d91394906f785d34de9ae19e999ef02440bf0410969: error preparing atomic delete: rename /var/lib/docker/aufs/diff/1944dacf30d729b607bb4d91394906f785d34de9ae19e999ef02440bf0410969 /var/lib/docker/aufs/diff/1944dacf30d729b607bb4d91394906f785d34de9ae19e999ef02440bf0410969-removing: device or resource busy
docker: Error response from daemon: Conflict. The container name "/squid" is already in use by container "bb82ef7eaa48759fb94aa0f91f7fd73d4fc1ec0adb77da1399558a73285a4f34". You have to remove (or rename) that container to be able to reuse that name.
See 'docker run --help'.
Error response from daemon: Container bb82ef7eaa48759fb94aa0f91f7fd73d4fc1ec0adb77da1399558a73285a4f34 is not running
 : 
docker: Error response from daemon: Conflict. The container name "/ldf-allclient" is already in use by container "c8236844e8951137c4a52859546d9348dc48eb44df7e459087056451b1211340". You have to remove (or rename) that container to be able to reuse that name.
See 'docker run --help'.
Error response from daemon: Container bb82ef7eaa48759fb94aa0f91f7fd73d4fc1ec0adb77da1399558a73285a4f34 is not running
Hitcur for run 0 : 0, total is 1
Percentage calculated : 0
Error response from daemon: driver "aufs" failed to remove root filesystem for bb82ef7eaa48759fb94aa0f91f7fd73d4fc1ec0adb77da1399558a73285a4f34: could not remove diff path for id 1944dacf30d729b607bb4d91394906f785d34de9ae19e999ef02440bf0410969: error preparing atomic delete: rename /var/lib/docker/aufs/diff/1944dacf30d729b607bb4d91394906f785d34de9ae19e999ef02440bf0410969 /var/lib/docker/aufs/diff/1944dacf30d729b607bb4d91394906f785d34de9ae19e999ef02440bf0410969-removing: device or resource busy
docker: Error response from daemon: Conflict. The container name "/squid" is already in use by container "bb82ef7eaa48759fb94aa0f91f7fd73d4fc1ec0adb77da1399558a73285a4f34". You have to remove (or rename) that container to be able to reuse that name.
See 'docker run --help'.
docker: Error response from daemon: Conflict. The container name "/ldf-allclient" is already in use by container "c8236844e8951137c4a52859546d9348dc48eb44df7e459087056451b1211340". You have to remove (or rename) that container to be able to reuse that name.
See 'docker run --help'.
Error response from daemon: Container bb82ef7eaa48759fb94aa0f91f7fd73d4fc1ec0adb77da1399558a73285a4f34 is not running
Hitcur for run 1 : 0, total is 1
Percentage calculated : 0
Error response from daemon: driver "aufs" failed to remove root filesystem for bb82ef7eaa48759fb94aa0f91f7fd73d4fc1ec0adb77da1399558a73285a4f34: could not remove diff path for id 1944dacf30d729b607bb4d91394906f785d34de9ae19e999ef02440bf0410969: error preparing atomic delete: rename /var/lib/docker/aufs/diff/1944dacf30d729b607bb4d91394906f785d34de9ae19e999ef02440bf0410969 /var/lib/docker/aufs/diff/1944dacf30d729b607bb4d91394906f785d34de9ae19e999ef02440bf0410969-removing: device or resource busy
docker: Error response from daemon: Conflict. The container name "/squid" is already in use by container "bb82ef7eaa48759fb94aa0f91f7fd73d4fc1ec0adb77da1399558a73285a4f34". You have to remove (or rename) that container to be able to reuse that name.
See 'docker run --help'.
docker: Error response from daemon: Conflict. The container name "/ldf-allclient" is already in use by container "c8236844e8951137c4a52859546d9348dc48eb44df7e459087056451b1211340". You have to remove (or rename) that container to be able to reuse that name.
See 'docker run --help'.
Error response from daemon: Container bb82ef7eaa48759fb94aa0f91f7fd73d4fc1ec0adb77da1399558a73285a4f34 is not running
Hitcur for run 2 : 0, total is 1
Percentage calculated : 0
Error response from daemon: driver "aufs" failed to remove root filesystem for bb82ef7eaa48759fb94aa0f91f7fd73d4fc1ec0adb77da1399558a73285a4f34: could not remove diff path for id 1944dacf30d729b607bb4d91394906f785d34de9ae19e999ef02440bf0410969: error preparing atomic delete: rename /var/lib/docker/aufs/diff/1944dacf30d729b607bb4d91394906f785d34de9ae19e999ef02440bf0410969 /var/lib/docker/aufs/diff/1944dacf30d729b607bb4d91394906f785d34de9ae19e999ef02440bf0410969-removing: device or resource busy
docker: Error response from daemon: Conflict. The container name "/squid" is already in use by container "bb82ef7eaa48759fb94aa0f91f7fd73d4fc1ec0adb77da1399558a73285a4f34". You have to remove (or rename) that container to be able to reuse that name.
See 'docker run --help'.
Error response from daemon: driver "aufs" failed to remove root filesystem for bb82ef7eaa48759fb94aa0f91f7fd73d4fc1ec0adb77da1399558a73285a4f34: could not remove diff path for id 1944dacf30d729b607bb4d91394906f785d34de9ae19e999ef02440bf0410969: error preparing atomic delete: rename /var/lib/docker/aufs/diff/1944dacf30d729b607bb4d91394906f785d34de9ae19e999ef02440bf0410969 /var/lib/docker/aufs/diff/1944dacf30d729b607bb4d91394906f785d34de9ae19e999ef02440bf0410969-removing: device or resource busy
docker: Error response from daemon: Conflict. The container name "/squid" is already in use by container "bb82ef7eaa48759fb94aa0f91f7fd73d4fc1ec0adb77da1399558a73285a4f34". You have to remove (or rename) that container to be able to reuse that name.
See 'docker run --help'.
Error response from daemon: Container bb82ef7eaa48759fb94aa0f91f7fd73d4fc1ec0adb77da1399558a73285a4f34 is not running
 : 
docker: Error response from daemon: Conflict. The container name "/ldf-allclient" is already in use by container "c8236844e8951137c4a52859546d9348dc48eb44df7e459087056451b1211340". You have to remove (or rename) that container to be able to reuse that name.
See 'docker run --help'.
Error response from daemon: Container bb82ef7eaa48759fb94aa0f91f7fd73d4fc1ec0adb77da1399558a73285a4f34 is not running
Hitcur for run 0 : 0, total is 1
Percentage calculated : 0
Error response from daemon: driver "aufs" failed to remove root filesystem for bb82ef7eaa48759fb94aa0f91f7fd73d4fc1ec0adb77da1399558a73285a4f34: could not remove diff path for id 1944dacf30d729b607bb4d91394906f785d34de9ae19e999ef02440bf0410969: error preparing atomic delete: rename /var/lib/docker/aufs/diff/1944dacf30d729b607bb4d91394906f785d34de9ae19e999ef02440bf0410969 /var/lib/docker/aufs/diff/1944dacf30d729b607bb4d91394906f785d34de9ae19e999ef02440bf0410969-removing: device or resource busy
docker: Error response from daemon: Conflict. The container name "/squid" is already in use by container "bb82ef7eaa48759fb94aa0f91f7fd73d4fc1ec0adb77da1399558a73285a4f34". You have to remove (or rename) that container to be able to reuse that name.
See 'docker run --help'.
docker: Error response from daemon: Conflict. The container name "/ldf-allclient" is already in use by container "c8236844e8951137c4a52859546d9348dc48eb44df7e459087056451b1211340". You have to remove (or rename) that container to be able to reuse that name.
See 'docker run --help'.
Error response from daemon: Container bb82ef7eaa48759fb94aa0f91f7fd73d4fc1ec0adb77da1399558a73285a4f34 is not running
Hitcur for run 1 : 0, total is 1
Percentage calculated : 0
Error response from daemon: driver "aufs" failed to remove root filesystem for bb82ef7eaa48759fb94aa0f91f7fd73d4fc1ec0adb77da1399558a73285a4f34: could not remove diff path for id 1944dacf30d729b607bb4d91394906f785d34de9ae19e999ef02440bf0410969: error preparing atomic delete: rename /var/lib/docker/aufs/diff/1944dacf30d729b607bb4d91394906f785d34de9ae19e999ef02440bf0410969 /var/lib/docker/aufs/diff/1944dacf30d729b607bb4d91394906f785d34de9ae19e999ef02440bf0410969-removing: device or resource busy
docker: Error response from daemon: Conflict. The container name "/squid" is already in use by container "bb82ef7eaa48759fb94aa0f91f7fd73d4fc1ec0adb77da1399558a73285a4f34". You have to remove (or rename) that container to be able to reuse that name.
See 'docker run --help'.
docker: Error response from daemon: Conflict. The container name "/ldf-allclient" is already in use by container "c8236844e8951137c4a52859546d9348dc48eb44df7e459087056451b1211340". You have to remove (or rename) that container to be able to reuse that name.
See 'docker run --help'.
Error response from daemon: Container bb82ef7eaa48759fb94aa0f91f7fd73d4fc1ec0adb77da1399558a73285a4f34 is not running
Hitcur for run 2 : 0, total is 1
Percentage calculated : 0
Error response from daemon: driver "aufs" failed to remove root filesystem for bb82ef7eaa48759fb94aa0f91f7fd73d4fc1ec0adb77da1399558a73285a4f34: could not remove diff path for id 1944dacf30d729b607bb4d91394906f785d34de9ae19e999ef02440bf0410969: error preparing atomic delete: rename /var/lib/docker/aufs/diff/1944dacf30d729b607bb4d91394906f785d34de9ae19e999ef02440bf0410969 /var/lib/docker/aufs/diff/1944dacf30d729b607bb4d91394906f785d34de9ae19e999ef02440bf0410969-removing: device or resource busy
docker: Error response from daemon: Conflict. The container name "/squid" is already in use by container "bb82ef7eaa48759fb94aa0f91f7fd73d4fc1ec0adb77da1399558a73285a4f34". You have to remove (or rename) that container to be able to reuse that name.
See 'docker run --help'.
Error response from daemon: driver "aufs" failed to remove root filesystem for bb82ef7eaa48759fb94aa0f91f7fd73d4fc1ec0adb77da1399558a73285a4f34: could not remove diff path for id 1944dacf30d729b607bb4d91394906f785d34de9ae19e999ef02440bf0410969: error preparing atomic delete: rename /var/lib/docker/aufs/diff/1944dacf30d729b607bb4d91394906f785d34de9ae19e999ef02440bf0410969 /var/lib/docker/aufs/diff/1944dacf30d729b607bb4d91394906f785d34de9ae19e999ef02440bf0410969-removing: device or resource busy
docker: Error response from daemon: Conflict. The container name "/squid" is already in use by container "bb82ef7eaa48759fb94aa0f91f7fd73d4fc1ec0adb77da1399558a73285a4f34". You have to remove (or rename) that container to be able to reuse that name.
See 'docker run --help'.
Error response from daemon: Container bb82ef7eaa48759fb94aa0f91f7fd73d4fc1ec0adb77da1399558a73285a4f34 is not running
 : 
docker: Error response from daemon: Conflict. The container name "/ldf-allclient" is already in use by container "c8236844e8951137c4a52859546d9348dc48eb44df7e459087056451b1211340". You have to remove (or rename) that container to be able to reuse that name.
See 'docker run --help'.
Error response from daemon: Container bb82ef7eaa48759fb94aa0f91f7fd73d4fc1ec0adb77da1399558a73285a4f34 is not running
Hitcur for run 0 : 0, total is 1
Percentage calculated : 0
Error response from daemon: driver "aufs" failed to remove root filesystem for bb82ef7eaa48759fb94aa0f91f7fd73d4fc1ec0adb77da1399558a73285a4f34: could not remove diff path for id 1944dacf30d729b607bb4d91394906f785d34de9ae19e999ef02440bf0410969: error preparing atomic delete: rename /var/lib/docker/aufs/diff/1944dacf30d729b607bb4d91394906f785d34de9ae19e999ef02440bf0410969 /var/lib/docker/aufs/diff/1944dacf30d729b607bb4d91394906f785d34de9ae19e999ef02440bf0410969-removing: device or resource busy
docker: Error response from daemon: Conflict. The container name "/squid" is already in use by container "bb82ef7eaa48759fb94aa0f91f7fd73d4fc1ec0adb77da1399558a73285a4f34". You have to remove (or rename) that container to be able to reuse that name.
See 'docker run --help'.
docker: Error response from daemon: Conflict. The container name "/ldf-allclient" is already in use by container "c8236844e8951137c4a52859546d9348dc48eb44df7e459087056451b1211340". You have to remove (or rename) that container to be able to reuse that name.
See 'docker run --help'.
Error response from daemon: Container bb82ef7eaa48759fb94aa0f91f7fd73d4fc1ec0adb77da1399558a73285a4f34 is not running
Hitcur for run 1 : 0, total is 1
Percentage calculated : 0
Error response from daemon: driver "aufs" failed to remove root filesystem for bb82ef7eaa48759fb94aa0f91f7fd73d4fc1ec0adb77da1399558a73285a4f34: could not remove diff path for id 1944dacf30d729b607bb4d91394906f785d34de9ae19e999ef02440bf0410969: error preparing atomic delete: rename /var/lib/docker/aufs/diff/1944dacf30d729b607bb4d91394906f785d34de9ae19e999ef02440bf0410969 /var/lib/docker/aufs/diff/1944dacf30d729b607bb4d91394906f785d34de9ae19e999ef02440bf0410969-removing: device or resource busy
docker: Error response from daemon: Conflict. The container name "/squid" is already in use by container "bb82ef7eaa48759fb94aa0f91f7fd73d4fc1ec0adb77da1399558a73285a4f34". You have to remove (or rename) that container to be able to reuse that name.
See 'docker run --help'.
docker: Error response from daemon: Conflict. The container name "/ldf-allclient" is already in use by container "c8236844e8951137c4a52859546d9348dc48eb44df7e459087056451b1211340". You have to remove (or rename) that container to be able to reuse that name.
See 'docker run --help'.
Error response from daemon: Container bb82ef7eaa48759fb94aa0f91f7fd73d4fc1ec0adb77da1399558a73285a4f34 is not running
Hitcur for run 2 : 0, total is 1
Percentage calculated : 0
Error response from daemon: driver "aufs" failed to remove root filesystem for bb82ef7eaa48759fb94aa0f91f7fd73d4fc1ec0adb77da1399558a73285a4f34: could not remove diff path for id 1944dacf30d729b607bb4d91394906f785d34de9ae19e999ef02440bf0410969: error preparing atomic delete: rename /var/lib/docker/aufs/diff/1944dacf30d729b607bb4d91394906f785d34de9ae19e999ef02440bf0410969 /var/lib/docker/aufs/diff/1944dacf30d729b607bb4d91394906f785d34de9ae19e999ef02440bf0410969-removing: device or resource busy
docker: Error response from daemon: Conflict. The container name "/squid" is already in use by container "bb82ef7eaa48759fb94aa0f91f7fd73d4fc1ec0adb77da1399558a73285a4f34". You have to remove (or rename) that container to be able to reuse that name.
See 'docker run --help'.
Error response from daemon: driver "aufs" failed to remove root filesystem for bb82ef7eaa48759fb94aa0f91f7fd73d4fc1ec0adb77da1399558a73285a4f34: could not remove diff path for id 1944dacf30d729b607bb4d91394906f785d34de9ae19e999ef02440bf0410969: error preparing atomic delete: rename /var/lib/docker/aufs/diff/1944dacf30d729b607bb4d91394906f785d34de9ae19e999ef02440bf0410969 /var/lib/docker/aufs/diff/1944dacf30d729b607bb4d91394906f785d34de9ae19e999ef02440bf0410969-removing: device or resource busy
docker: Error response from daemon: Conflict. The container name "/squid" is already in use by container "bb82ef7eaa48759fb94aa0f91f7fd73d4fc1ec0adb77da1399558a73285a4f34". You have to remove (or rename) that container to be able to reuse that name.
See 'docker run --help'.
Error response from daemon: Container bb82ef7eaa48759fb94aa0f91f7fd73d4fc1ec0adb77da1399558a73285a4f34 is not running
 : 
docker: Error response from daemon: Conflict. The container name "/ldf-allclient" is already in use by container "c8236844e8951137c4a52859546d9348dc48eb44df7e459087056451b1211340". You have to remove (or rename) that container to be able to reuse that name.
See 'docker run --help'.
Error response from daemon: Container bb82ef7eaa48759fb94aa0f91f7fd73d4fc1ec0adb77da1399558a73285a4f34 is not running
Hitcur for run 0 : 0, total is 1
Percentage calculated : 0
Error response from daemon: driver "aufs" failed to remove root filesystem for bb82ef7eaa48759fb94aa0f91f7fd73d4fc1ec0adb77da1399558a73285a4f34: could not remove diff path for id 1944dacf30d729b607bb4d91394906f785d34de9ae19e999ef02440bf0410969: error preparing atomic delete: rename /var/lib/docker/aufs/diff/1944dacf30d729b607bb4d91394906f785d34de9ae19e999ef02440bf0410969 /var/lib/docker/aufs/diff/1944dacf30d729b607bb4d91394906f785d34de9ae19e999ef02440bf0410969-removing: device or resource busy
docker: Error response from daemon: Conflict. The container name "/squid" is already in use by container "bb82ef7eaa48759fb94aa0f91f7fd73d4fc1ec0adb77da1399558a73285a4f34". You have to remove (or rename) that container to be able to reuse that name.
See 'docker run --help'.
docker: Error response from daemon: Conflict. The container name "/ldf-allclient" is already in use by container "c8236844e8951137c4a52859546d9348dc48eb44df7e459087056451b1211340". You have to remove (or rename) that container to be able to reuse that name.
See 'docker run --help'.
Error response from daemon: Container bb82ef7eaa48759fb94aa0f91f7fd73d4fc1ec0adb77da1399558a73285a4f34 is not running
Hitcur for run 1 : 0, total is 1
Percentage calculated : 0
Error response from daemon: driver "aufs" failed to remove root filesystem for bb82ef7eaa48759fb94aa0f91f7fd73d4fc1ec0adb77da1399558a73285a4f34: could not remove diff path for id 1944dacf30d729b607bb4d91394906f785d34de9ae19e999ef02440bf0410969: error preparing atomic delete: rename /var/lib/docker/aufs/diff/1944dacf30d729b607bb4d91394906f785d34de9ae19e999ef02440bf0410969 /var/lib/docker/aufs/diff/1944dacf30d729b607bb4d91394906f785d34de9ae19e999ef02440bf0410969-removing: device or resource busy
docker: Error response from daemon: Conflict. The container name "/squid" is already in use by container "bb82ef7eaa48759fb94aa0f91f7fd73d4fc1ec0adb77da1399558a73285a4f34". You have to remove (or rename) that container to be able to reuse that name.
See 'docker run --help'.
docker: Error response from daemon: Conflict. The container name "/ldf-allclient" is already in use by container "c8236844e8951137c4a52859546d9348dc48eb44df7e459087056451b1211340". You have to remove (or rename) that container to be able to reuse that name.
See 'docker run --help'.
Error response from daemon: Container bb82ef7eaa48759fb94aa0f91f7fd73d4fc1ec0adb77da1399558a73285a4f34 is not running
Hitcur for run 2 : 0, total is 1
Percentage calculated : 0
Error response from daemon: driver "aufs" failed to remove root filesystem for bb82ef7eaa48759fb94aa0f91f7fd73d4fc1ec0adb77da1399558a73285a4f34: could not remove diff path for id 1944dacf30d729b607bb4d91394906f785d34de9ae19e999ef02440bf0410969: error preparing atomic delete: rename /var/lib/docker/aufs/diff/1944dacf30d729b607bb4d91394906f785d34de9ae19e999ef02440bf0410969 /var/lib/docker/aufs/diff/1944dacf30d729b607bb4d91394906f785d34de9ae19e999ef02440bf0410969-removing: device or resource busy
docker: Error response from daemon: Conflict. The container name "/squid" is already in use by container "bb82ef7eaa48759fb94aa0f91f7fd73d4fc1ec0adb77da1399558a73285a4f34". You have to remove (or rename) that container to be able to reuse that name.
See 'docker run --help'.
Error response from daemon: driver "aufs" failed to remove root filesystem for bb82ef7eaa48759fb94aa0f91f7fd73d4fc1ec0adb77da1399558a73285a4f34: could not remove diff path for id 1944dacf30d729b607bb4d91394906f785d34de9ae19e999ef02440bf0410969: error preparing atomic delete: rename /var/lib/docker/aufs/diff/1944dacf30d729b607bb4d91394906f785d34de9ae19e999ef02440bf0410969 /var/lib/docker/aufs/diff/1944dacf30d729b607bb4d91394906f785d34de9ae19e999ef02440bf0410969-removing: device or resource busy
docker: Error response from daemon: Conflict. The container name "/squid" is already in use by container "bb82ef7eaa48759fb94aa0f91f7fd73d4fc1ec0adb77da1399558a73285a4f34". You have to remove (or rename) that container to be able to reuse that name.
See 'docker run --help'.
Error response from daemon: Container bb82ef7eaa48759fb94aa0f91f7fd73d4fc1ec0adb77da1399558a73285a4f34 is not running
 : 
docker: Error response from daemon: Conflict. The container name "/ldf-allclient" is already in use by container "c8236844e8951137c4a52859546d9348dc48eb44df7e459087056451b1211340". You have to remove (or rename) that container to be able to reuse that name.
See 'docker run --help'.
Error response from daemon: Container bb82ef7eaa48759fb94aa0f91f7fd73d4fc1ec0adb77da1399558a73285a4f34 is not running
Hitcur for run 0 : 0, total is 1
Percentage calculated : 0
Error response from daemon: driver "aufs" failed to remove root filesystem for bb82ef7eaa48759fb94aa0f91f7fd73d4fc1ec0adb77da1399558a73285a4f34: could not remove diff path for id 1944dacf30d729b607bb4d91394906f785d34de9ae19e999ef02440bf0410969: error preparing atomic delete: rename /var/lib/docker/aufs/diff/1944dacf30d729b607bb4d91394906f785d34de9ae19e999ef02440bf0410969 /var/lib/docker/aufs/diff/1944dacf30d729b607bb4d91394906f785d34de9ae19e999ef02440bf0410969-removing: device or resource busy
docker: Error response from daemon: Conflict. The container name "/squid" is already in use by container "bb82ef7eaa48759fb94aa0f91f7fd73d4fc1ec0adb77da1399558a73285a4f34". You have to remove (or rename) that container to be able to reuse that name.
See 'docker run --help'.
docker: Error response from daemon: Conflict. The container name "/ldf-allclient" is already in use by container "c8236844e8951137c4a52859546d9348dc48eb44df7e459087056451b1211340". You have to remove (or rename) that container to be able to reuse that name.
See 'docker run --help'.
Error response from daemon: Container bb82ef7eaa48759fb94aa0f91f7fd73d4fc1ec0adb77da1399558a73285a4f34 is not running
Hitcur for run 1 : 0, total is 1
Percentage calculated : 0
Error response from daemon: driver "aufs" failed to remove root filesystem for bb82ef7eaa48759fb94aa0f91f7fd73d4fc1ec0adb77da1399558a73285a4f34: could not remove diff path for id 1944dacf30d729b607bb4d91394906f785d34de9ae19e999ef02440bf0410969: error preparing atomic delete: rename /var/lib/docker/aufs/diff/1944dacf30d729b607bb4d91394906f785d34de9ae19e999ef02440bf0410969 /var/lib/docker/aufs/diff/1944dacf30d729b607bb4d91394906f785d34de9ae19e999ef02440bf0410969-removing: device or resource busy
docker: Error response from daemon: Conflict. The container name "/squid" is already in use by container "bb82ef7eaa48759fb94aa0f91f7fd73d4fc1ec0adb77da1399558a73285a4f34". You have to remove (or rename) that container to be able to reuse that name.
See 'docker run --help'.
docker: Error response from daemon: Conflict. The container name "/ldf-allclient" is already in use by container "c8236844e8951137c4a52859546d9348dc48eb44df7e459087056451b1211340". You have to remove (or rename) that container to be able to reuse that name.
See 'docker run --help'.
Error response from daemon: Container bb82ef7eaa48759fb94aa0f91f7fd73d4fc1ec0adb77da1399558a73285a4f34 is not running
Hitcur for run 2 : 0, total is 1
Percentage calculated : 0
Error response from daemon: driver "aufs" failed to remove root filesystem for bb82ef7eaa48759fb94aa0f91f7fd73d4fc1ec0adb77da1399558a73285a4f34: could not remove diff path for id 1944dacf30d729b607bb4d91394906f785d34de9ae19e999ef02440bf0410969: error preparing atomic delete: rename /var/lib/docker/aufs/diff/1944dacf30d729b607bb4d91394906f785d34de9ae19e999ef02440bf0410969 /var/lib/docker/aufs/diff/1944dacf30d729b607bb4d91394906f785d34de9ae19e999ef02440bf0410969-removing: device or resource busy
docker: Error response from daemon: Conflict. The container name "/squid" is already in use by container "bb82ef7eaa48759fb94aa0f91f7fd73d4fc1ec0adb77da1399558a73285a4f34". You have to remove (or rename) that container to be able to reuse that name.
See 'docker run --help'.
Error response from daemon: driver "aufs" failed to remove root filesystem for bb82ef7eaa48759fb94aa0f91f7fd73d4fc1ec0adb77da1399558a73285a4f34: could not remove diff path for id 1944dacf30d729b607bb4d91394906f785d34de9ae19e999ef02440bf0410969: error preparing atomic delete: rename /var/lib/docker/aufs/diff/1944dacf30d729b607bb4d91394906f785d34de9ae19e999ef02440bf0410969 /var/lib/docker/aufs/diff/1944dacf30d729b607bb4d91394906f785d34de9ae19e999ef02440bf0410969-removing: device or resource busy
docker: Error response from daemon: Conflict. The container name "/squid" is already in use by container "bb82ef7eaa48759fb94aa0f91f7fd73d4fc1ec0adb77da1399558a73285a4f34". You have to remove (or rename) that container to be able to reuse that name.
See 'docker run --help'.
Error response from daemon: Container bb82ef7eaa48759fb94aa0f91f7fd73d4fc1ec0adb77da1399558a73285a4f34 is not running
 : 
docker: Error response from daemon: Conflict. The container name "/ldf-allclient" is already in use by container "c8236844e8951137c4a52859546d9348dc48eb44df7e459087056451b1211340". You have to remove (or rename) that container to be able to reuse that name.
See 'docker run --help'.
Error response from daemon: Container bb82ef7eaa48759fb94aa0f91f7fd73d4fc1ec0adb77da1399558a73285a4f34 is not running
Hitcur for run 0 : 0, total is 1
Percentage calculated : 0
Error response from daemon: driver "aufs" failed to remove root filesystem for bb82ef7eaa48759fb94aa0f91f7fd73d4fc1ec0adb77da1399558a73285a4f34: could not remove diff path for id 1944dacf30d729b607bb4d91394906f785d34de9ae19e999ef02440bf0410969: error preparing atomic delete: rename /var/lib/docker/aufs/diff/1944dacf30d729b607bb4d91394906f785d34de9ae19e999ef02440bf0410969 /var/lib/docker/aufs/diff/1944dacf30d729b607bb4d91394906f785d34de9ae19e999ef02440bf0410969-removing: device or resource busy
docker: Error response from daemon: Conflict. The container name "/squid" is already in use by container "bb82ef7eaa48759fb94aa0f91f7fd73d4fc1ec0adb77da1399558a73285a4f34". You have to remove (or rename) that container to be able to reuse that name.
See 'docker run --help'.
docker: Error response from daemon: Conflict. The container name "/ldf-allclient" is already in use by container "c8236844e8951137c4a52859546d9348dc48eb44df7e459087056451b1211340". You have to remove (or rename) that container to be able to reuse that name.
See 'docker run --help'.
Error response from daemon: Container bb82ef7eaa48759fb94aa0f91f7fd73d4fc1ec0adb77da1399558a73285a4f34 is not running
Hitcur for run 1 : 0, total is 1
Percentage calculated : 0
Error response from daemon: driver "aufs" failed to remove root filesystem for bb82ef7eaa48759fb94aa0f91f7fd73d4fc1ec0adb77da1399558a73285a4f34: could not remove diff path for id 1944dacf30d729b607bb4d91394906f785d34de9ae19e999ef02440bf0410969: error preparing atomic delete: rename /var/lib/docker/aufs/diff/1944dacf30d729b607bb4d91394906f785d34de9ae19e999ef02440bf0410969 /var/lib/docker/aufs/diff/1944dacf30d729b607bb4d91394906f785d34de9ae19e999ef02440bf0410969-removing: device or resource busy
docker: Error response from daemon: Conflict. The container name "/squid" is already in use by container "bb82ef7eaa48759fb94aa0f91f7fd73d4fc1ec0adb77da1399558a73285a4f34". You have to remove (or rename) that container to be able to reuse that name.
See 'docker run --help'.
docker: Error response from daemon: Conflict. The container name "/ldf-allclient" is already in use by container "c8236844e8951137c4a52859546d9348dc48eb44df7e459087056451b1211340". You have to remove (or rename) that container to be able to reuse that name.
See 'docker run --help'.
Error response from daemon: Container bb82ef7eaa48759fb94aa0f91f7fd73d4fc1ec0adb77da1399558a73285a4f34 is not running
Hitcur for run 2 : 0, total is 1
Percentage calculated : 0
Error response from daemon: driver "aufs" failed to remove root filesystem for bb82ef7eaa48759fb94aa0f91f7fd73d4fc1ec0adb77da1399558a73285a4f34: could not remove diff path for id 1944dacf30d729b607bb4d91394906f785d34de9ae19e999ef02440bf0410969: error preparing atomic delete: rename /var/lib/docker/aufs/diff/1944dacf30d729b607bb4d91394906f785d34de9ae19e999ef02440bf0410969 /var/lib/docker/aufs/diff/1944dacf30d729b607bb4d91394906f785d34de9ae19e999ef02440bf0410969-removing: device or resource busy
docker: Error response from daemon: Conflict. The container name "/squid" is already in use by container "bb82ef7eaa48759fb94aa0f91f7fd73d4fc1ec0adb77da1399558a73285a4f34". You have to remove (or rename) that container to be able to reuse that name.
See 'docker run --help'.
Error response from daemon: driver "aufs" failed to remove root filesystem for bb82ef7eaa48759fb94aa0f91f7fd73d4fc1ec0adb77da1399558a73285a4f34: could not remove diff path for id 1944dacf30d729b607bb4d91394906f785d34de9ae19e999ef02440bf0410969: error preparing atomic delete: rename /var/lib/docker/aufs/diff/1944dacf30d729b607bb4d91394906f785d34de9ae19e999ef02440bf0410969 /var/lib/docker/aufs/diff/1944dacf30d729b607bb4d91394906f785d34de9ae19e999ef02440bf0410969-removing: device or resource busy
docker: Error response from daemon: Conflict. The container name "/squid" is already in use by container "bb82ef7eaa48759fb94aa0f91f7fd73d4fc1ec0adb77da1399558a73285a4f34". You have to remove (or rename) that container to be able to reuse that name.
See 'docker run --help'.
Error response from daemon: Container bb82ef7eaa48759fb94aa0f91f7fd73d4fc1ec0adb77da1399558a73285a4f34 is not running
 : 
docker: Error response from daemon: Conflict. The container name "/ldf-allclient" is already in use by container "c8236844e8951137c4a52859546d9348dc48eb44df7e459087056451b1211340". You have to remove (or rename) that container to be able to reuse that name.
See 'docker run --help'.
Error response from daemon: Container bb82ef7eaa48759fb94aa0f91f7fd73d4fc1ec0adb77da1399558a73285a4f34 is not running
Hitcur for run 0 : 0, total is 1
Percentage calculated : 0
Error response from daemon: driver "aufs" failed to remove root filesystem for bb82ef7eaa48759fb94aa0f91f7fd73d4fc1ec0adb77da1399558a73285a4f34: could not remove diff path for id 1944dacf30d729b607bb4d91394906f785d34de9ae19e999ef02440bf0410969: error preparing atomic delete: rename /var/lib/docker/aufs/diff/1944dacf30d729b607bb4d91394906f785d34de9ae19e999ef02440bf0410969 /var/lib/docker/aufs/diff/1944dacf30d729b607bb4d91394906f785d34de9ae19e999ef02440bf0410969-removing: device or resource busy
docker: Error response from daemon: Conflict. The container name "/squid" is already in use by container "bb82ef7eaa48759fb94aa0f91f7fd73d4fc1ec0adb77da1399558a73285a4f34". You have to remove (or rename) that container to be able to reuse that name.
See 'docker run --help'.
docker: Error response from daemon: Conflict. The container name "/ldf-allclient" is already in use by container "c8236844e8951137c4a52859546d9348dc48eb44df7e459087056451b1211340". You have to remove (or rename) that container to be able to reuse that name.
See 'docker run --help'.
Error response from daemon: Container bb82ef7eaa48759fb94aa0f91f7fd73d4fc1ec0adb77da1399558a73285a4f34 is not running
Hitcur for run 1 : 0, total is 1
Percentage calculated : 0
Error response from daemon: driver "aufs" failed to remove root filesystem for bb82ef7eaa48759fb94aa0f91f7fd73d4fc1ec0adb77da1399558a73285a4f34: could not remove diff path for id 1944dacf30d729b607bb4d91394906f785d34de9ae19e999ef02440bf0410969: error preparing atomic delete: rename /var/lib/docker/aufs/diff/1944dacf30d729b607bb4d91394906f785d34de9ae19e999ef02440bf0410969 /var/lib/docker/aufs/diff/1944dacf30d729b607bb4d91394906f785d34de9ae19e999ef02440bf0410969-removing: device or resource busy
docker: Error response from daemon: Conflict. The container name "/squid" is already in use by container "bb82ef7eaa48759fb94aa0f91f7fd73d4fc1ec0adb77da1399558a73285a4f34". You have to remove (or rename) that container to be able to reuse that name.
See 'docker run --help'.
docker: Error response from daemon: Conflict. The container name "/ldf-allclient" is already in use by container "c8236844e8951137c4a52859546d9348dc48eb44df7e459087056451b1211340". You have to remove (or rename) that container to be able to reuse that name.
See 'docker run --help'.
Error response from daemon: Container bb82ef7eaa48759fb94aa0f91f7fd73d4fc1ec0adb77da1399558a73285a4f34 is not running
Hitcur for run 2 : 0, total is 1
Percentage calculated : 0
Error response from daemon: driver "aufs" failed to remove root filesystem for bb82ef7eaa48759fb94aa0f91f7fd73d4fc1ec0adb77da1399558a73285a4f34: could not remove diff path for id 1944dacf30d729b607bb4d91394906f785d34de9ae19e999ef02440bf0410969: error preparing atomic delete: rename /var/lib/docker/aufs/diff/1944dacf30d729b607bb4d91394906f785d34de9ae19e999ef02440bf0410969 /var/lib/docker/aufs/diff/1944dacf30d729b607bb4d91394906f785d34de9ae19e999ef02440bf0410969-removing: device or resource busy
docker: Error response from daemon: Conflict. The container name "/squid" is already in use by container "bb82ef7eaa48759fb94aa0f91f7fd73d4fc1ec0adb77da1399558a73285a4f34". You have to remove (or rename) that container to be able to reuse that name.
See 'docker run --help'.
Error response from daemon: driver "aufs" failed to remove root filesystem for bb82ef7eaa48759fb94aa0f91f7fd73d4fc1ec0adb77da1399558a73285a4f34: could not remove diff path for id 1944dacf30d729b607bb4d91394906f785d34de9ae19e999ef02440bf0410969: error preparing atomic delete: rename /var/lib/docker/aufs/diff/1944dacf30d729b607bb4d91394906f785d34de9ae19e999ef02440bf0410969 /var/lib/docker/aufs/diff/1944dacf30d729b607bb4d91394906f785d34de9ae19e999ef02440bf0410969-removing: device or resource busy
docker: Error response from daemon: Conflict. The container name "/squid" is already in use by container "bb82ef7eaa48759fb94aa0f91f7fd73d4fc1ec0adb77da1399558a73285a4f34". You have to remove (or rename) that container to be able to reuse that name.
See 'docker run --help'.
Error response from daemon: Container bb82ef7eaa48759fb94aa0f91f7fd73d4fc1ec0adb77da1399558a73285a4f34 is not running
 : 
docker: Error response from daemon: Conflict. The container name "/ldf-allclient" is already in use by container "c8236844e8951137c4a52859546d9348dc48eb44df7e459087056451b1211340". You have to remove (or rename) that container to be able to reuse that name.
See 'docker run --help'.
Error response from daemon: Container bb82ef7eaa48759fb94aa0f91f7fd73d4fc1ec0adb77da1399558a73285a4f34 is not running
Hitcur for run 0 : 0, total is 1
Percentage calculated : 0
Error response from daemon: driver "aufs" failed to remove root filesystem for bb82ef7eaa48759fb94aa0f91f7fd73d4fc1ec0adb77da1399558a73285a4f34: could not remove diff path for id 1944dacf30d729b607bb4d91394906f785d34de9ae19e999ef02440bf0410969: error preparing atomic delete: rename /var/lib/docker/aufs/diff/1944dacf30d729b607bb4d91394906f785d34de9ae19e999ef02440bf0410969 /var/lib/docker/aufs/diff/1944dacf30d729b607bb4d91394906f785d34de9ae19e999ef02440bf0410969-removing: device or resource busy
docker: Error response from daemon: Conflict. The container name "/squid" is already in use by container "bb82ef7eaa48759fb94aa0f91f7fd73d4fc1ec0adb77da1399558a73285a4f34". You have to remove (or rename) that container to be able to reuse that name.
See 'docker run --help'.
docker: Error response from daemon: Conflict. The container name "/ldf-allclient" is already in use by container "c8236844e8951137c4a52859546d9348dc48eb44df7e459087056451b1211340". You have to remove (or rename) that container to be able to reuse that name.
See 'docker run --help'.
Error response from daemon: Container bb82ef7eaa48759fb94aa0f91f7fd73d4fc1ec0adb77da1399558a73285a4f34 is not running
Hitcur for run 1 : 0, total is 1
Percentage calculated : 0
Error response from daemon: driver "aufs" failed to remove root filesystem for bb82ef7eaa48759fb94aa0f91f7fd73d4fc1ec0adb77da1399558a73285a4f34: could not remove diff path for id 1944dacf30d729b607bb4d91394906f785d34de9ae19e999ef02440bf0410969: error preparing atomic delete: rename /var/lib/docker/aufs/diff/1944dacf30d729b607bb4d91394906f785d34de9ae19e999ef02440bf0410969 /var/lib/docker/aufs/diff/1944dacf30d729b607bb4d91394906f785d34de9ae19e999ef02440bf0410969-removing: device or resource busy
docker: Error response from daemon: Conflict. The container name "/squid" is already in use by container "bb82ef7eaa48759fb94aa0f91f7fd73d4fc1ec0adb77da1399558a73285a4f34". You have to remove (or rename) that container to be able to reuse that name.
See 'docker run --help'.
docker: Error response from daemon: Conflict. The container name "/ldf-allclient" is already in use by container "c8236844e8951137c4a52859546d9348dc48eb44df7e459087056451b1211340". You have to remove (or rename) that container to be able to reuse that name.
See 'docker run --help'.
Error response from daemon: Container bb82ef7eaa48759fb94aa0f91f7fd73d4fc1ec0adb77da1399558a73285a4f34 is not running
Hitcur for run 2 : 0, total is 1
Percentage calculated : 0
Error response from daemon: driver "aufs" failed to remove root filesystem for bb82ef7eaa48759fb94aa0f91f7fd73d4fc1ec0adb77da1399558a73285a4f34: could not remove diff path for id 1944dacf30d729b607bb4d91394906f785d34de9ae19e999ef02440bf0410969: error preparing atomic delete: rename /var/lib/docker/aufs/diff/1944dacf30d729b607bb4d91394906f785d34de9ae19e999ef02440bf0410969 /var/lib/docker/aufs/diff/1944dacf30d729b607bb4d91394906f785d34de9ae19e999ef02440bf0410969-removing: device or resource busy
docker: Error response from daemon: Conflict. The container name "/squid" is already in use by container "bb82ef7eaa48759fb94aa0f91f7fd73d4fc1ec0adb77da1399558a73285a4f34". You have to remove (or rename) that container to be able to reuse that name.
See 'docker run --help'.
Error response from daemon: driver "aufs" failed to remove root filesystem for bb82ef7eaa48759fb94aa0f91f7fd73d4fc1ec0adb77da1399558a73285a4f34: could not remove diff path for id 1944dacf30d729b607bb4d91394906f785d34de9ae19e999ef02440bf0410969: error preparing atomic delete: rename /var/lib/docker/aufs/diff/1944dacf30d729b607bb4d91394906f785d34de9ae19e999ef02440bf0410969 /var/lib/docker/aufs/diff/1944dacf30d729b607bb4d91394906f785d34de9ae19e999ef02440bf0410969-removing: device or resource busy
docker: Error response from daemon: Conflict. The container name "/squid" is already in use by container "bb82ef7eaa48759fb94aa0f91f7fd73d4fc1ec0adb77da1399558a73285a4f34". You have to remove (or rename) that container to be able to reuse that name.
See 'docker run --help'.
Error response from daemon: Container bb82ef7eaa48759fb94aa0f91f7fd73d4fc1ec0adb77da1399558a73285a4f34 is not running
 : 
docker: Error response from daemon: Conflict. The container name "/ldf-allclient" is already in use by container "c8236844e8951137c4a52859546d9348dc48eb44df7e459087056451b1211340". You have to remove (or rename) that container to be able to reuse that name.
See 'docker run --help'.
Error response from daemon: Container bb82ef7eaa48759fb94aa0f91f7fd73d4fc1ec0adb77da1399558a73285a4f34 is not running
Hitcur for run 0 : 0, total is 1
Percentage calculated : 0
Error response from daemon: driver "aufs" failed to remove root filesystem for bb82ef7eaa48759fb94aa0f91f7fd73d4fc1ec0adb77da1399558a73285a4f34: could not remove diff path for id 1944dacf30d729b607bb4d91394906f785d34de9ae19e999ef02440bf0410969: error preparing atomic delete: rename /var/lib/docker/aufs/diff/1944dacf30d729b607bb4d91394906f785d34de9ae19e999ef02440bf0410969 /var/lib/docker/aufs/diff/1944dacf30d729b607bb4d91394906f785d34de9ae19e999ef02440bf0410969-removing: device or resource busy
docker: Error response from daemon: Conflict. The container name "/squid" is already in use by container "bb82ef7eaa48759fb94aa0f91f7fd73d4fc1ec0adb77da1399558a73285a4f34". You have to remove (or rename) that container to be able to reuse that name.
See 'docker run --help'.
docker: Error response from daemon: Conflict. The container name "/ldf-allclient" is already in use by container "c8236844e8951137c4a52859546d9348dc48eb44df7e459087056451b1211340". You have to remove (or rename) that container to be able to reuse that name.
See 'docker run --help'.
Error response from daemon: Container bb82ef7eaa48759fb94aa0f91f7fd73d4fc1ec0adb77da1399558a73285a4f34 is not running
Hitcur for run 1 : 0, total is 1
Percentage calculated : 0
Error response from daemon: driver "aufs" failed to remove root filesystem for bb82ef7eaa48759fb94aa0f91f7fd73d4fc1ec0adb77da1399558a73285a4f34: could not remove diff path for id 1944dacf30d729b607bb4d91394906f785d34de9ae19e999ef02440bf0410969: error preparing atomic delete: rename /var/lib/docker/aufs/diff/1944dacf30d729b607bb4d91394906f785d34de9ae19e999ef02440bf0410969 /var/lib/docker/aufs/diff/1944dacf30d729b607bb4d91394906f785d34de9ae19e999ef02440bf0410969-removing: device or resource busy
docker: Error response from daemon: Conflict. The container name "/squid" is already in use by container "bb82ef7eaa48759fb94aa0f91f7fd73d4fc1ec0adb77da1399558a73285a4f34". You have to remove (or rename) that container to be able to reuse that name.
See 'docker run --help'.
docker: Error response from daemon: Conflict. The container name "/ldf-allclient" is already in use by container "c8236844e8951137c4a52859546d9348dc48eb44df7e459087056451b1211340". You have to remove (or rename) that container to be able to reuse that name.
See 'docker run --help'.
Error response from daemon: Container bb82ef7eaa48759fb94aa0f91f7fd73d4fc1ec0adb77da1399558a73285a4f34 is not running
Hitcur for run 2 : 0, total is 1
Percentage calculated : 0
Error response from daemon: driver "aufs" failed to remove root filesystem for bb82ef7eaa48759fb94aa0f91f7fd73d4fc1ec0adb77da1399558a73285a4f34: could not remove diff path for id 1944dacf30d729b607bb4d91394906f785d34de9ae19e999ef02440bf0410969: error preparing atomic delete: rename /var/lib/docker/aufs/diff/1944dacf30d729b607bb4d91394906f785d34de9ae19e999ef02440bf0410969 /var/lib/docker/aufs/diff/1944dacf30d729b607bb4d91394906f785d34de9ae19e999ef02440bf0410969-removing: device or resource busy
docker: Error response from daemon: Conflict. The container name "/squid" is already in use by container "bb82ef7eaa48759fb94aa0f91f7fd73d4fc1ec0adb77da1399558a73285a4f34". You have to remove (or rename) that container to be able to reuse that name.
See 'docker run --help'.
Error response from daemon: driver "aufs" failed to remove root filesystem for bb82ef7eaa48759fb94aa0f91f7fd73d4fc1ec0adb77da1399558a73285a4f34: could not remove diff path for id 1944dacf30d729b607bb4d91394906f785d34de9ae19e999ef02440bf0410969: error preparing atomic delete: rename /var/lib/docker/aufs/diff/1944dacf30d729b607bb4d91394906f785d34de9ae19e999ef02440bf0410969 /var/lib/docker/aufs/diff/1944dacf30d729b607bb4d91394906f785d34de9ae19e999ef02440bf0410969-removing: device or resource busy
docker: Error response from daemon: Conflict. The container name "/squid" is already in use by container "bb82ef7eaa48759fb94aa0f91f7fd73d4fc1ec0adb77da1399558a73285a4f34". You have to remove (or rename) that container to be able to reuse that name.
See 'docker run --help'.
Error response from daemon: Container bb82ef7eaa48759fb94aa0f91f7fd73d4fc1ec0adb77da1399558a73285a4f34 is not running
 : 
docker: Error response from daemon: Conflict. The container name "/ldf-allclient" is already in use by container "c8236844e8951137c4a52859546d9348dc48eb44df7e459087056451b1211340". You have to remove (or rename) that container to be able to reuse that name.
See 'docker run --help'.
Error response from daemon: Container bb82ef7eaa48759fb94aa0f91f7fd73d4fc1ec0adb77da1399558a73285a4f34 is not running
Hitcur for run 0 : 0, total is 1
Percentage calculated : 0
Error response from daemon: driver "aufs" failed to remove root filesystem for bb82ef7eaa48759fb94aa0f91f7fd73d4fc1ec0adb77da1399558a73285a4f34: could not remove diff path for id 1944dacf30d729b607bb4d91394906f785d34de9ae19e999ef02440bf0410969: error preparing atomic delete: rename /var/lib/docker/aufs/diff/1944dacf30d729b607bb4d91394906f785d34de9ae19e999ef02440bf0410969 /var/lib/docker/aufs/diff/1944dacf30d729b607bb4d91394906f785d34de9ae19e999ef02440bf0410969-removing: device or resource busy
docker: Error response from daemon: Conflict. The container name "/squid" is already in use by container "bb82ef7eaa48759fb94aa0f91f7fd73d4fc1ec0adb77da1399558a73285a4f34". You have to remove (or rename) that container to be able to reuse that name.
See 'docker run --help'.
docker: Error response from daemon: Conflict. The container name "/ldf-allclient" is already in use by container "c8236844e8951137c4a52859546d9348dc48eb44df7e459087056451b1211340". You have to remove (or rename) that container to be able to reuse that name.
See 'docker run --help'.
Error response from daemon: Container bb82ef7eaa48759fb94aa0f91f7fd73d4fc1ec0adb77da1399558a73285a4f34 is not running
Hitcur for run 1 : 0, total is 1
Percentage calculated : 0
Error response from daemon: driver "aufs" failed to remove root filesystem for bb82ef7eaa48759fb94aa0f91f7fd73d4fc1ec0adb77da1399558a73285a4f34: could not remove diff path for id 1944dacf30d729b607bb4d91394906f785d34de9ae19e999ef02440bf0410969: error preparing atomic delete: rename /var/lib/docker/aufs/diff/1944dacf30d729b607bb4d91394906f785d34de9ae19e999ef02440bf0410969 /var/lib/docker/aufs/diff/1944dacf30d729b607bb4d91394906f785d34de9ae19e999ef02440bf0410969-removing: device or resource busy
docker: Error response from daemon: Conflict. The container name "/squid" is already in use by container "bb82ef7eaa48759fb94aa0f91f7fd73d4fc1ec0adb77da1399558a73285a4f34". You have to remove (or rename) that container to be able to reuse that name.
See 'docker run --help'.
docker: Error response from daemon: Conflict. The container name "/ldf-allclient" is already in use by container "c8236844e8951137c4a52859546d9348dc48eb44df7e459087056451b1211340". You have to remove (or rename) that container to be able to reuse that name.
See 'docker run --help'.
Error response from daemon: Container bb82ef7eaa48759fb94aa0f91f7fd73d4fc1ec0adb77da1399558a73285a4f34 is not running
Hitcur for run 2 : 0, total is 1
Percentage calculated : 0
Error response from daemon: driver "aufs" failed to remove root filesystem for bb82ef7eaa48759fb94aa0f91f7fd73d4fc1ec0adb77da1399558a73285a4f34: could not remove diff path for id 1944dacf30d729b607bb4d91394906f785d34de9ae19e999ef02440bf0410969: error preparing atomic delete: rename /var/lib/docker/aufs/diff/1944dacf30d729b607bb4d91394906f785d34de9ae19e999ef02440bf0410969 /var/lib/docker/aufs/diff/1944dacf30d729b607bb4d91394906f785d34de9ae19e999ef02440bf0410969-removing: device or resource busy
docker: Error response from daemon: Conflict. The container name "/squid" is already in use by container "bb82ef7eaa48759fb94aa0f91f7fd73d4fc1ec0adb77da1399558a73285a4f34". You have to remove (or rename) that container to be able to reuse that name.
See 'docker run --help'.
Error response from daemon: driver "aufs" failed to remove root filesystem for bb82ef7eaa48759fb94aa0f91f7fd73d4fc1ec0adb77da1399558a73285a4f34: could not remove diff path for id 1944dacf30d729b607bb4d91394906f785d34de9ae19e999ef02440bf0410969: error preparing atomic delete: rename /var/lib/docker/aufs/diff/1944dacf30d729b607bb4d91394906f785d34de9ae19e999ef02440bf0410969 /var/lib/docker/aufs/diff/1944dacf30d729b607bb4d91394906f785d34de9ae19e999ef02440bf0410969-removing: device or resource busy
docker: Error response from daemon: Conflict. The container name "/squid" is already in use by container "bb82ef7eaa48759fb94aa0f91f7fd73d4fc1ec0adb77da1399558a73285a4f34". You have to remove (or rename) that container to be able to reuse that name.
See 'docker run --help'.
Error response from daemon: Container bb82ef7eaa48759fb94aa0f91f7fd73d4fc1ec0adb77da1399558a73285a4f34 is not running
 : 
docker: Error response from daemon: Conflict. The container name "/ldf-allclient" is already in use by container "c8236844e8951137c4a52859546d9348dc48eb44df7e459087056451b1211340". You have to remove (or rename) that container to be able to reuse that name.
See 'docker run --help'.
Error response from daemon: Container bb82ef7eaa48759fb94aa0f91f7fd73d4fc1ec0adb77da1399558a73285a4f34 is not running
Hitcur for run 0 : 0, total is 1
Percentage calculated : 0
Error response from daemon: driver "aufs" failed to remove root filesystem for bb82ef7eaa48759fb94aa0f91f7fd73d4fc1ec0adb77da1399558a73285a4f34: could not remove diff path for id 1944dacf30d729b607bb4d91394906f785d34de9ae19e999ef02440bf0410969: error preparing atomic delete: rename /var/lib/docker/aufs/diff/1944dacf30d729b607bb4d91394906f785d34de9ae19e999ef02440bf0410969 /var/lib/docker/aufs/diff/1944dacf30d729b607bb4d91394906f785d34de9ae19e999ef02440bf0410969-removing: device or resource busy
docker: Error response from daemon: Conflict. The container name "/squid" is already in use by container "bb82ef7eaa48759fb94aa0f91f7fd73d4fc1ec0adb77da1399558a73285a4f34". You have to remove (or rename) that container to be able to reuse that name.
See 'docker run --help'.
docker: Error response from daemon: Conflict. The container name "/ldf-allclient" is already in use by container "c8236844e8951137c4a52859546d9348dc48eb44df7e459087056451b1211340". You have to remove (or rename) that container to be able to reuse that name.
See 'docker run --help'.
Error response from daemon: Container bb82ef7eaa48759fb94aa0f91f7fd73d4fc1ec0adb77da1399558a73285a4f34 is not running
Hitcur for run 1 : 0, total is 1
Percentage calculated : 0
Error response from daemon: driver "aufs" failed to remove root filesystem for bb82ef7eaa48759fb94aa0f91f7fd73d4fc1ec0adb77da1399558a73285a4f34: could not remove diff path for id 1944dacf30d729b607bb4d91394906f785d34de9ae19e999ef02440bf0410969: error preparing atomic delete: rename /var/lib/docker/aufs/diff/1944dacf30d729b607bb4d91394906f785d34de9ae19e999ef02440bf0410969 /var/lib/docker/aufs/diff/1944dacf30d729b607bb4d91394906f785d34de9ae19e999ef02440bf0410969-removing: device or resource busy
docker: Error response from daemon: Conflict. The container name "/squid" is already in use by container "bb82ef7eaa48759fb94aa0f91f7fd73d4fc1ec0adb77da1399558a73285a4f34". You have to remove (or rename) that container to be able to reuse that name.
See 'docker run --help'.
docker: Error response from daemon: Conflict. The container name "/ldf-allclient" is already in use by container "c8236844e8951137c4a52859546d9348dc48eb44df7e459087056451b1211340". You have to remove (or rename) that container to be able to reuse that name.
See 'docker run --help'.
Error response from daemon: Container bb82ef7eaa48759fb94aa0f91f7fd73d4fc1ec0adb77da1399558a73285a4f34 is not running
Hitcur for run 2 : 0, total is 1
Percentage calculated : 0
Error response from daemon: driver "aufs" failed to remove root filesystem for bb82ef7eaa48759fb94aa0f91f7fd73d4fc1ec0adb77da1399558a73285a4f34: could not remove diff path for id 1944dacf30d729b607bb4d91394906f785d34de9ae19e999ef02440bf0410969: error preparing atomic delete: rename /var/lib/docker/aufs/diff/1944dacf30d729b607bb4d91394906f785d34de9ae19e999ef02440bf0410969 /var/lib/docker/aufs/diff/1944dacf30d729b607bb4d91394906f785d34de9ae19e999ef02440bf0410969-removing: device or resource busy
docker: Error response from daemon: Conflict. The container name "/squid" is already in use by container "bb82ef7eaa48759fb94aa0f91f7fd73d4fc1ec0adb77da1399558a73285a4f34". You have to remove (or rename) that container to be able to reuse that name.
See 'docker run --help'.
Error response from daemon: driver "aufs" failed to remove root filesystem for bb82ef7eaa48759fb94aa0f91f7fd73d4fc1ec0adb77da1399558a73285a4f34: could not remove diff path for id 1944dacf30d729b607bb4d91394906f785d34de9ae19e999ef02440bf0410969: error preparing atomic delete: rename /var/lib/docker/aufs/diff/1944dacf30d729b607bb4d91394906f785d34de9ae19e999ef02440bf0410969 /var/lib/docker/aufs/diff/1944dacf30d729b607bb4d91394906f785d34de9ae19e999ef02440bf0410969-removing: device or resource busy
WARNING: Method definition midpoints(Base.Range{T} where T) in module Base at deprecated.jl:56 overwritten in module StatsBase at /home/nixalbum/.julia/v0.6/StatsBase/src/hist.jl:535.
WARNING: Method definition midpoints(AbstractArray{T, 1} where T) in module Base at deprecated.jl:56 overwritten in module StatsBase at /home/nixalbum/.julia/v0.6/StatsBase/src/hist.jl:533.
INFO: Package Gadfly is already installed
INFO: METADATA is out-of-date — you may not have the latest version of Gadfly
INFO: Use `Pkg.update()` to get the latest versions of your packages
INFO: Package DataFrames is already installed
INFO: METADATA is out-of-date — you may not have the latest version of DataFrames
INFO: Use `Pkg.update()` to get the latest versions of your packages
ERROR: LoadError: MethodError: no method matching /(::SubString{String}, ::Int64)
Closest candidates are:
  /(!Matched::BigInt, ::Union{Int16, Int32, Int64, Int8, UInt16, UInt32, UInt64, UInt8}) at gmp.jl:380
  /(!Matched::BigFloat, ::Union{Int16, Int32, Int64, Int8}) at mpfr.jl:339
  /(!Matched::Missings.Missing, ::Number) at /home/nixalbum/.julia/v0.6/Missings/src/Missings.jl:108
  ...
Stacktrace:
 [1] macro expansion at ./broadcast.jl:232 [inlined]
 [2] _broadcast!(::Base.#/, ::Array{Float64,1}, ::Tuple{Tuple{Bool},Tuple{}}, ::Tuple{Tuple{Int64},Tuple{}}, ::Tuple{Array{Any,1},Int64}, ::Type{Val{2}}, ::CartesianRange{CartesianIndex{1}}, ::CartesianIndex{1}, ::Int64) at ./broadcast.jl:219
 [3] broadcast_t(::Function, ::Type{Any}, ::Tuple{Base.OneTo{Int64}}, ::CartesianRange{CartesianIndex{1}}, ::Array{Any,1}, ::Int64) at ./broadcast.jl:265
 [4] broadcast_c at ./broadcast.jl:321 [inlined]
 [5] broadcast at ./broadcast.jl:455 [inlined]
 [6] /(::Array{Any,1}, ::Int64) at ./arraymath.jl:48
 [7] include_from_node1(::String) at ./loading.jl:576
 [8] include(::String) at ./sysimg.jl:14
 [9] process_options(::Base.JLOptions) at ./client.jl:305
 [10] _start() at ./client.jl:371
while loading /home/nixalbum/Documents/SmartClientCachesTPF/barHit.jl, in expression starting on line 13
ldf-server
